2020-10-29 08:16:19.686  INFO [users-ws,,,] 24224 --- [RMI TCP Connection(26)-127.0.0.1] inMXBeanRegistrar$SpringApplicationAdmin : Application shutdown requested.
2020-10-29 08:16:19.693  INFO [users-ws,,,] 24224 --- [RMI TCP Connection(26)-127.0.0.1] o.s.c.n.e.s.EurekaServiceRegistry        : Unregistering application USERS-WS with eureka with status DOWN
2020-10-29 08:16:19.694  WARN [users-ws,,,] 24224 --- [RMI TCP Connection(26)-127.0.0.1] com.netflix.discovery.DiscoveryClient    : Saw local status change event StatusChangeEvent [timestamp=1603970179694, current=DOWN, previous=UP]
2020-10-29 08:16:19.694  INFO [users-ws,,,] 24224 --- [DiscoveryClient-InstanceInfoReplicator-0] com.netflix.discovery.DiscoveryClient    : DiscoveryClient_USERS-WS/users-ws:6f93c9191c1ba35fb8d73e7b094ed923: registering service...
2020-10-29 08:16:19.706 ERROR [users-ws,,,] 24224 --- [DiscoveryClient-InstanceInfoReplicator-0] c.n.d.s.t.d.RedirectingEurekaHttpClient  : Request execution error. endpoint=DefaultEndpoint{ serviceUrl='http://michel:010203@localhost:8010/eureka/}

com.sun.jersey.api.client.ClientHandlerException: java.net.ConnectException: Connection refused
	at com.sun.jersey.client.apache4.ApacheHttpClient4Handler.handle(ApacheHttpClient4Handler.java:187) ~[jersey-apache-client4-1.19.1.jar:1.19.1]
	at com.sun.jersey.api.client.filter.GZIPContentEncodingFilter.handle(GZIPContentEncodingFilter.java:123) ~[jersey-client-1.19.1.jar:1.19.1]
	at com.netflix.discovery.EurekaIdentityHeaderFilter.handle(EurekaIdentityHeaderFilter.java:27) ~[eureka-client-1.9.13.jar:1.9.13]
	at com.sun.jersey.api.client.Client.handle(Client.java:652) ~[jersey-client-1.19.1.jar:1.19.1]
	at com.sun.jersey.api.client.WebResource.handle(WebResource.java:682) ~[jersey-client-1.19.1.jar:1.19.1]
	at com.sun.jersey.api.client.WebResource.access$200(WebResource.java:74) ~[jersey-client-1.19.1.jar:1.19.1]
	at com.sun.jersey.api.client.WebResource$Builder.post(WebResource.java:570) ~[jersey-client-1.19.1.jar:1.19.1]
	at com.netflix.discovery.shared.transport.jersey.AbstractJerseyEurekaHttpClient.register(AbstractJerseyEurekaHttpClient.java:56) ~[eureka-client-1.9.13.jar:1.9.13]
	at com.netflix.discovery.shared.transport.decorator.EurekaHttpClientDecorator$1.execute(EurekaHttpClientDecorator.java:59) ~[eureka-client-1.9.13.jar:1.9.13]
	at com.netflix.discovery.shared.transport.decorator.MetricsCollectingEurekaHttpClient.execute(MetricsCollectingEurekaHttpClient.java:73) ~[eureka-client-1.9.13.jar:1.9.13]
	at com.netflix.discovery.shared.transport.decorator.EurekaHttpClientDecorator.register(EurekaHttpClientDecorator.java:56) ~[eureka-client-1.9.13.jar:1.9.13]
	at com.netflix.discovery.shared.transport.decorator.EurekaHttpClientDecorator$1.execute(EurekaHttpClientDecorator.java:59) ~[eureka-client-1.9.13.jar:1.9.13]
	at com.netflix.discovery.shared.transport.decorator.RedirectingEurekaHttpClient.execute(RedirectingEurekaHttpClient.java:89) ~[eureka-client-1.9.13.jar:1.9.13]
	at com.netflix.discovery.shared.transport.decorator.EurekaHttpClientDecorator.register(EurekaHttpClientDecorator.java:56) ~[eureka-client-1.9.13.jar:1.9.13]
	at com.netflix.discovery.shared.transport.decorator.EurekaHttpClientDecorator$1.execute(EurekaHttpClientDecorator.java:59) ~[eureka-client-1.9.13.jar:1.9.13]
	at com.netflix.discovery.shared.transport.decorator.RetryableEurekaHttpClient.execute(RetryableEurekaHttpClient.java:120) ~[eureka-client-1.9.13.jar:1.9.13]
	at com.netflix.discovery.shared.transport.decorator.EurekaHttpClientDecorator.register(EurekaHttpClientDecorator.java:56) ~[eureka-client-1.9.13.jar:1.9.13]
	at com.netflix.discovery.shared.transport.decorator.EurekaHttpClientDecorator$1.execute(EurekaHttpClientDecorator.java:59) ~[eureka-client-1.9.13.jar:1.9.13]
	at com.netflix.discovery.shared.transport.decorator.SessionedEurekaHttpClient.execute(SessionedEurekaHttpClient.java:77) ~[eureka-client-1.9.13.jar:1.9.13]
	at com.netflix.discovery.shared.transport.decorator.EurekaHttpClientDecorator.register(EurekaHttpClientDecorator.java:56) ~[eureka-client-1.9.13.jar:1.9.13]
	at com.netflix.discovery.DiscoveryClient.register(DiscoveryClient.java:847) ~[eureka-client-1.9.13.jar:1.9.13]
	at com.netflix.discovery.InstanceInfoReplicator.run(InstanceInfoReplicator.java:121) ~[eureka-client-1.9.13.jar:1.9.13]
	at com.netflix.discovery.InstanceInfoReplicator$1.run(InstanceInfoReplicator.java:101) ~[eureka-client-1.9.13.jar:1.9.13]
	at java.base/java.util.concurrent.Executors$RunnableAdapter.call(Executors.java:515) ~[na:na]
	at java.base/java.util.concurrent.FutureTask.run(FutureTask.java:264) ~[na:na]
	at java.base/java.util.concurrent.ScheduledThreadPoolExecutor$ScheduledFutureTask.run(ScheduledThreadPoolExecutor.java:304) ~[na:na]
	at java.base/java.util.concurrent.ThreadPoolExecutor.runWorker(ThreadPoolExecutor.java:1130) ~[na:na]
	at java.base/java.util.concurrent.ThreadPoolExecutor$Worker.run(ThreadPoolExecutor.java:630) ~[na:na]
	at java.base/java.lang.Thread.run(Thread.java:832) ~[na:na]
Caused by: java.net.ConnectException: Connection refused
	at java.base/sun.nio.ch.Net.pollConnect(Native Method) ~[na:na]
	at java.base/sun.nio.ch.Net.pollConnectNow(Net.java:589) ~[na:na]
	at java.base/sun.nio.ch.NioSocketImpl.timedFinishConnect(NioSocketImpl.java:542) ~[na:na]
	at java.base/sun.nio.ch.NioSocketImpl.connect(NioSocketImpl.java:597) ~[na:na]
	at java.base/java.net.SocksSocketImpl.connect(SocksSocketImpl.java:333) ~[na:na]
	at java.base/java.net.Socket.connect(Socket.java:648) ~[na:na]
	at org.apache.http.conn.scheme.PlainSocketFactory.connectSocket(PlainSocketFactory.java:121) ~[httpclient-4.5.12.jar:4.5.12]
	at org.apache.http.impl.conn.DefaultClientConnectionOperator.openConnection(DefaultClientConnectionOperator.java:180) ~[httpclient-4.5.12.jar:4.5.12]
	at org.apache.http.impl.conn.AbstractPoolEntry.open(AbstractPoolEntry.java:144) ~[httpclient-4.5.12.jar:4.5.12]
	at org.apache.http.impl.conn.AbstractPooledConnAdapter.open(AbstractPooledConnAdapter.java:134) ~[httpclient-4.5.12.jar:4.5.12]
	at org.apache.http.impl.client.DefaultRequestDirector.tryConnect(DefaultRequestDirector.java:605) ~[httpclient-4.5.12.jar:4.5.12]
	at org.apache.http.impl.client.DefaultRequestDirector.execute(DefaultRequestDirector.java:440) ~[httpclient-4.5.12.jar:4.5.12]
	at org.apache.http.impl.client.AbstractHttpClient.doExecute(AbstractHttpClient.java:835) ~[httpclient-4.5.12.jar:4.5.12]
	at org.apache.http.impl.client.CloseableHttpClient.execute(CloseableHttpClient.java:118) ~[httpclient-4.5.12.jar:4.5.12]
	at org.apache.http.impl.client.CloseableHttpClient.execute(CloseableHttpClient.java:56) ~[httpclient-4.5.12.jar:4.5.12]
	at com.sun.jersey.client.apache4.ApacheHttpClient4Handler.handle(ApacheHttpClient4Handler.java:173) ~[jersey-apache-client4-1.19.1.jar:1.19.1]
	... 28 common frames omitted

2020-10-29 08:16:19.707  WARN [users-ws,,,] 24224 --- [DiscoveryClient-InstanceInfoReplicator-0] c.n.d.s.t.d.RetryableEurekaHttpClient    : Request execution failed with message: java.net.ConnectException: Connection refused
2020-10-29 08:16:19.718 ERROR [users-ws,,,] 24224 --- [DiscoveryClient-InstanceInfoReplicator-0] c.n.d.s.t.d.RedirectingEurekaHttpClient  : Request execution error. endpoint=DefaultEndpoint{ serviceUrl='http://michel:010203@localhost:8010/eureka/}

com.sun.jersey.api.client.ClientHandlerException: java.net.ConnectException: Connection refused
	at com.sun.jersey.client.apache4.ApacheHttpClient4Handler.handle(ApacheHttpClient4Handler.java:187) ~[jersey-apache-client4-1.19.1.jar:1.19.1]
	at com.sun.jersey.api.client.filter.GZIPContentEncodingFilter.handle(GZIPContentEncodingFilter.java:123) ~[jersey-client-1.19.1.jar:1.19.1]
	at com.netflix.discovery.EurekaIdentityHeaderFilter.handle(EurekaIdentityHeaderFilter.java:27) ~[eureka-client-1.9.13.jar:1.9.13]
	at com.sun.jersey.api.client.Client.handle(Client.java:652) ~[jersey-client-1.19.1.jar:1.19.1]
	at com.sun.jersey.api.client.WebResource.handle(WebResource.java:682) ~[jersey-client-1.19.1.jar:1.19.1]
	at com.sun.jersey.api.client.WebResource.access$200(WebResource.java:74) ~[jersey-client-1.19.1.jar:1.19.1]
	at com.sun.jersey.api.client.WebResource$Builder.post(WebResource.java:570) ~[jersey-client-1.19.1.jar:1.19.1]
	at com.netflix.discovery.shared.transport.jersey.AbstractJerseyEurekaHttpClient.register(AbstractJerseyEurekaHttpClient.java:56) ~[eureka-client-1.9.13.jar:1.9.13]
	at com.netflix.discovery.shared.transport.decorator.EurekaHttpClientDecorator$1.execute(EurekaHttpClientDecorator.java:59) ~[eureka-client-1.9.13.jar:1.9.13]
	at com.netflix.discovery.shared.transport.decorator.MetricsCollectingEurekaHttpClient.execute(MetricsCollectingEurekaHttpClient.java:73) ~[eureka-client-1.9.13.jar:1.9.13]
	at com.netflix.discovery.shared.transport.decorator.EurekaHttpClientDecorator.register(EurekaHttpClientDecorator.java:56) ~[eureka-client-1.9.13.jar:1.9.13]
	at com.netflix.discovery.shared.transport.decorator.EurekaHttpClientDecorator$1.execute(EurekaHttpClientDecorator.java:59) ~[eureka-client-1.9.13.jar:1.9.13]
	at com.netflix.discovery.shared.transport.decorator.RedirectingEurekaHttpClient.executeOnNewServer(RedirectingEurekaHttpClient.java:118) ~[eureka-client-1.9.13.jar:1.9.13]
	at com.netflix.discovery.shared.transport.decorator.RedirectingEurekaHttpClient.execute(RedirectingEurekaHttpClient.java:79) ~[eureka-client-1.9.13.jar:1.9.13]
	at com.netflix.discovery.shared.transport.decorator.EurekaHttpClientDecorator.register(EurekaHttpClientDecorator.java:56) ~[eureka-client-1.9.13.jar:1.9.13]
	at com.netflix.discovery.shared.transport.decorator.EurekaHttpClientDecorator$1.execute(EurekaHttpClientDecorator.java:59) ~[eureka-client-1.9.13.jar:1.9.13]
	at com.netflix.discovery.shared.transport.decorator.RetryableEurekaHttpClient.execute(RetryableEurekaHttpClient.java:120) ~[eureka-client-1.9.13.jar:1.9.13]
	at com.netflix.discovery.shared.transport.decorator.EurekaHttpClientDecorator.register(EurekaHttpClientDecorator.java:56) ~[eureka-client-1.9.13.jar:1.9.13]
	at com.netflix.discovery.shared.transport.decorator.EurekaHttpClientDecorator$1.execute(EurekaHttpClientDecorator.java:59) ~[eureka-client-1.9.13.jar:1.9.13]
	at com.netflix.discovery.shared.transport.decorator.SessionedEurekaHttpClient.execute(SessionedEurekaHttpClient.java:77) ~[eureka-client-1.9.13.jar:1.9.13]
	at com.netflix.discovery.shared.transport.decorator.EurekaHttpClientDecorator.register(EurekaHttpClientDecorator.java:56) ~[eureka-client-1.9.13.jar:1.9.13]
	at com.netflix.discovery.DiscoveryClient.register(DiscoveryClient.java:847) ~[eureka-client-1.9.13.jar:1.9.13]
	at com.netflix.discovery.InstanceInfoReplicator.run(InstanceInfoReplicator.java:121) ~[eureka-client-1.9.13.jar:1.9.13]
	at com.netflix.discovery.InstanceInfoReplicator$1.run(InstanceInfoReplicator.java:101) ~[eureka-client-1.9.13.jar:1.9.13]
	at java.base/java.util.concurrent.Executors$RunnableAdapter.call(Executors.java:515) ~[na:na]
	at java.base/java.util.concurrent.FutureTask.run(FutureTask.java:264) ~[na:na]
	at java.base/java.util.concurrent.ScheduledThreadPoolExecutor$ScheduledFutureTask.run(ScheduledThreadPoolExecutor.java:304) ~[na:na]
	at java.base/java.util.concurrent.ThreadPoolExecutor.runWorker(ThreadPoolExecutor.java:1130) ~[na:na]
	at java.base/java.util.concurrent.ThreadPoolExecutor$Worker.run(ThreadPoolExecutor.java:630) ~[na:na]
	at java.base/java.lang.Thread.run(Thread.java:832) ~[na:na]
Caused by: java.net.ConnectException: Connection refused
	at java.base/sun.nio.ch.Net.pollConnect(Native Method) ~[na:na]
	at java.base/sun.nio.ch.Net.pollConnectNow(Net.java:589) ~[na:na]
	at java.base/sun.nio.ch.NioSocketImpl.timedFinishConnect(NioSocketImpl.java:542) ~[na:na]
	at java.base/sun.nio.ch.NioSocketImpl.connect(NioSocketImpl.java:597) ~[na:na]
	at java.base/java.net.SocksSocketImpl.connect(SocksSocketImpl.java:333) ~[na:na]
	at java.base/java.net.Socket.connect(Socket.java:648) ~[na:na]
	at org.apache.http.conn.scheme.PlainSocketFactory.connectSocket(PlainSocketFactory.java:121) ~[httpclient-4.5.12.jar:4.5.12]
	at org.apache.http.impl.conn.DefaultClientConnectionOperator.openConnection(DefaultClientConnectionOperator.java:180) ~[httpclient-4.5.12.jar:4.5.12]
	at org.apache.http.impl.conn.AbstractPoolEntry.open(AbstractPoolEntry.java:144) ~[httpclient-4.5.12.jar:4.5.12]
	at org.apache.http.impl.conn.AbstractPooledConnAdapter.open(AbstractPooledConnAdapter.java:134) ~[httpclient-4.5.12.jar:4.5.12]
	at org.apache.http.impl.client.DefaultRequestDirector.tryConnect(DefaultRequestDirector.java:605) ~[httpclient-4.5.12.jar:4.5.12]
	at org.apache.http.impl.client.DefaultRequestDirector.execute(DefaultRequestDirector.java:440) ~[httpclient-4.5.12.jar:4.5.12]
	at org.apache.http.impl.client.AbstractHttpClient.doExecute(AbstractHttpClient.java:835) ~[httpclient-4.5.12.jar:4.5.12]
	at org.apache.http.impl.client.CloseableHttpClient.execute(CloseableHttpClient.java:118) ~[httpclient-4.5.12.jar:4.5.12]
	at org.apache.http.impl.client.CloseableHttpClient.execute(CloseableHttpClient.java:56) ~[httpclient-4.5.12.jar:4.5.12]
	at com.sun.jersey.client.apache4.ApacheHttpClient4Handler.handle(ApacheHttpClient4Handler.java:173) ~[jersey-apache-client4-1.19.1.jar:1.19.1]
	... 29 common frames omitted

2020-10-29 08:16:19.719  WARN [users-ws,,,] 24224 --- [DiscoveryClient-InstanceInfoReplicator-0] c.n.d.s.t.d.RetryableEurekaHttpClient    : Request execution failed with message: java.net.ConnectException: Connection refused
2020-10-29 08:16:19.719  WARN [users-ws,,,] 24224 --- [DiscoveryClient-InstanceInfoReplicator-0] com.netflix.discovery.DiscoveryClient    : DiscoveryClient_USERS-WS/users-ws:6f93c9191c1ba35fb8d73e7b094ed923 - registration failed Cannot execute request on any known server

com.netflix.discovery.shared.transport.TransportException: Cannot execute request on any known server
	at com.netflix.discovery.shared.transport.decorator.RetryableEurekaHttpClient.execute(RetryableEurekaHttpClient.java:112) ~[eureka-client-1.9.13.jar:1.9.13]
	at com.netflix.discovery.shared.transport.decorator.EurekaHttpClientDecorator.register(EurekaHttpClientDecorator.java:56) ~[eureka-client-1.9.13.jar:1.9.13]
	at com.netflix.discovery.shared.transport.decorator.EurekaHttpClientDecorator$1.execute(EurekaHttpClientDecorator.java:59) ~[eureka-client-1.9.13.jar:1.9.13]
	at com.netflix.discovery.shared.transport.decorator.SessionedEurekaHttpClient.execute(SessionedEurekaHttpClient.java:77) ~[eureka-client-1.9.13.jar:1.9.13]
	at com.netflix.discovery.shared.transport.decorator.EurekaHttpClientDecorator.register(EurekaHttpClientDecorator.java:56) ~[eureka-client-1.9.13.jar:1.9.13]
	at com.netflix.discovery.DiscoveryClient.register(DiscoveryClient.java:847) ~[eureka-client-1.9.13.jar:1.9.13]
	at com.netflix.discovery.InstanceInfoReplicator.run(InstanceInfoReplicator.java:121) ~[eureka-client-1.9.13.jar:1.9.13]
	at com.netflix.discovery.InstanceInfoReplicator$1.run(InstanceInfoReplicator.java:101) ~[eureka-client-1.9.13.jar:1.9.13]
	at java.base/java.util.concurrent.Executors$RunnableAdapter.call(Executors.java:515) ~[na:na]
	at java.base/java.util.concurrent.FutureTask.run(FutureTask.java:264) ~[na:na]
	at java.base/java.util.concurrent.ScheduledThreadPoolExecutor$ScheduledFutureTask.run(ScheduledThreadPoolExecutor.java:304) ~[na:na]
	at java.base/java.util.concurrent.ThreadPoolExecutor.runWorker(ThreadPoolExecutor.java:1130) ~[na:na]
	at java.base/java.util.concurrent.ThreadPoolExecutor$Worker.run(ThreadPoolExecutor.java:630) ~[na:na]
	at java.base/java.lang.Thread.run(Thread.java:832) ~[na:na]

2020-10-29 08:16:19.720  WARN [users-ws,,,] 24224 --- [DiscoveryClient-InstanceInfoReplicator-0] c.n.discovery.InstanceInfoReplicator     : There was a problem with the instance info replicator

com.netflix.discovery.shared.transport.TransportException: Cannot execute request on any known server
	at com.netflix.discovery.shared.transport.decorator.RetryableEurekaHttpClient.execute(RetryableEurekaHttpClient.java:112) ~[eureka-client-1.9.13.jar:1.9.13]
	at com.netflix.discovery.shared.transport.decorator.EurekaHttpClientDecorator.register(EurekaHttpClientDecorator.java:56) ~[eureka-client-1.9.13.jar:1.9.13]
	at com.netflix.discovery.shared.transport.decorator.EurekaHttpClientDecorator$1.execute(EurekaHttpClientDecorator.java:59) ~[eureka-client-1.9.13.jar:1.9.13]
	at com.netflix.discovery.shared.transport.decorator.SessionedEurekaHttpClient.execute(SessionedEurekaHttpClient.java:77) ~[eureka-client-1.9.13.jar:1.9.13]
	at com.netflix.discovery.shared.transport.decorator.EurekaHttpClientDecorator.register(EurekaHttpClientDecorator.java:56) ~[eureka-client-1.9.13.jar:1.9.13]
	at com.netflix.discovery.DiscoveryClient.register(DiscoveryClient.java:847) ~[eureka-client-1.9.13.jar:1.9.13]
	at com.netflix.discovery.InstanceInfoReplicator.run(InstanceInfoReplicator.java:121) ~[eureka-client-1.9.13.jar:1.9.13]
	at com.netflix.discovery.InstanceInfoReplicator$1.run(InstanceInfoReplicator.java:101) ~[eureka-client-1.9.13.jar:1.9.13]
	at java.base/java.util.concurrent.Executors$RunnableAdapter.call(Executors.java:515) ~[na:na]
	at java.base/java.util.concurrent.FutureTask.run(FutureTask.java:264) ~[na:na]
	at java.base/java.util.concurrent.ScheduledThreadPoolExecutor$ScheduledFutureTask.run(ScheduledThreadPoolExecutor.java:304) ~[na:na]
	at java.base/java.util.concurrent.ThreadPoolExecutor.runWorker(ThreadPoolExecutor.java:1130) ~[na:na]
	at java.base/java.util.concurrent.ThreadPoolExecutor$Worker.run(ThreadPoolExecutor.java:630) ~[na:na]
	at java.base/java.lang.Thread.run(Thread.java:832) ~[na:na]

2020-10-29 08:16:19.760  INFO [users-ws,,,] 24224 --- [RMI TCP Connection(26)-127.0.0.1] o.s.a.r.l.SimpleMessageListenerContainer : Waiting for workers to finish.
2020-10-29 08:16:19.865  INFO [users-ws,,,] 24224 --- [RMI TCP Connection(26)-127.0.0.1] o.s.a.r.l.SimpleMessageListenerContainer : Successfully waited for workers to finish.
2020-10-29 08:16:19.868  INFO [users-ws,,,] 24224 --- [RMI TCP Connection(26)-127.0.0.1] o.s.i.a.i.AmqpInboundChannelAdapter      : stopped inbound.springCloudBus.anonymous.sqqClpWLSTepTObXrNRpzg
2020-10-29 08:16:19.868  INFO [users-ws,,,] 24224 --- [RMI TCP Connection(26)-127.0.0.1] o.s.c.stream.binder.BinderErrorChannel   : Channel 'application-1.springCloudBus.anonymous.sqqClpWLSTepTObXrNRpzg.errors' has 1 subscriber(s).
2020-10-29 08:16:19.868  INFO [users-ws,,,] 24224 --- [RMI TCP Connection(26)-127.0.0.1] o.s.c.stream.binder.BinderErrorChannel   : Channel 'application-1.springCloudBus.anonymous.sqqClpWLSTepTObXrNRpzg.errors' has 0 subscriber(s).
2020-10-29 08:16:19.871  INFO [users-ws,,,] 24224 --- [RMI TCP Connection(26)-127.0.0.1] o.s.i.endpoint.EventDrivenConsumer       : Removing {logging-channel-adapter:_org.springframework.integration.errorLogger} as a subscriber to the 'errorChannel' channel
2020-10-29 08:16:19.872  INFO [users-ws,,,] 24224 --- [RMI TCP Connection(26)-127.0.0.1] o.s.i.channel.PublishSubscribeChannel    : Channel 'application-1.errorChannel' has 0 subscriber(s).
2020-10-29 08:16:19.872  INFO [users-ws,,,] 24224 --- [RMI TCP Connection(26)-127.0.0.1] o.s.i.endpoint.EventDrivenConsumer       : stopped _org.springframework.integration.errorLogger
2020-10-29 08:16:19.888  INFO [users-ws,,,] 24224 --- [RMI TCP Connection(26)-127.0.0.1] o.s.s.concurrent.ThreadPoolTaskExecutor  : Shutting down ExecutorService 'applicationTaskExecutor'
2020-10-29 08:16:19.899  INFO [users-ws,,,] 24224 --- [RMI TCP Connection(26)-127.0.0.1] j.LocalContainerEntityManagerFactoryBean : Closing JPA EntityManagerFactory for persistence unit 'default'
2020-10-29 08:16:19.908  INFO [users-ws,,,] 24224 --- [RMI TCP Connection(26)-127.0.0.1] o.s.s.c.ThreadPoolTaskScheduler          : Shutting down ExecutorService 'taskScheduler'
2020-10-29 08:16:20.846  INFO [users-ws,,,] 24224 --- [RMI TCP Connection(26)-127.0.0.1] c.n.u.concurrent.ShutdownEnabledTimer    : Shutdown hook removed for: NFLoadBalancer-PingTimer-albums-ws
2020-10-29 08:16:20.920  INFO [users-ws,,,] 24224 --- [RMI TCP Connection(26)-127.0.0.1] o.s.i.monitor.IntegrationMBeanExporter   : Summary on shutdown: springCloudBusOutput
2020-10-29 08:16:20.920  INFO [users-ws,,,] 24224 --- [RMI TCP Connection(26)-127.0.0.1] o.s.i.monitor.IntegrationMBeanExporter   : Summary on shutdown: springCloudBus.anonymous.sqqClpWLSTepTObXrNRpzg.errors
2020-10-29 08:16:20.920  INFO [users-ws,,,] 24224 --- [RMI TCP Connection(26)-127.0.0.1] o.s.i.monitor.IntegrationMBeanExporter   : Summary on shutdown: errorChannel
2020-10-29 08:16:20.920  INFO [users-ws,,,] 24224 --- [RMI TCP Connection(26)-127.0.0.1] o.s.i.monitor.IntegrationMBeanExporter   : Summary on shutdown: springCloudBusInput
2020-10-29 08:16:20.920  INFO [users-ws,,,] 24224 --- [RMI TCP Connection(26)-127.0.0.1] o.s.i.monitor.IntegrationMBeanExporter   : Summary on shutdown: nullChannel
2020-10-29 08:16:20.920  INFO [users-ws,,,] 24224 --- [RMI TCP Connection(26)-127.0.0.1] o.s.i.monitor.IntegrationMBeanExporter   : Summary on shutdown: _org.springframework.integration.errorLogger.handler
2020-10-29 08:16:20.920  INFO [users-ws,,,] 24224 --- [RMI TCP Connection(26)-127.0.0.1] o.s.i.monitor.IntegrationMBeanExporter   : Summary on shutdown: org.springframework.cloud.stream.binding.StreamListenerMessageHandler@3b0c1378
2020-10-29 08:16:20.921  INFO [users-ws,,,] 24224 --- [RMI TCP Connection(26)-127.0.0.1] com.netflix.discovery.DiscoveryClient    : Shutting down DiscoveryClient ...
2020-10-29 08:16:21.701  INFO [users-ws,,,] 24224 --- [Thread-15] c.n.l.PollingServerListUpdater           : Shutting down the Executor Pool for PollingServerListUpdater
2020-10-29 08:16:23.921  INFO [users-ws,,,] 24224 --- [RMI TCP Connection(26)-127.0.0.1] com.netflix.discovery.DiscoveryClient    : Unregistering ...
2020-10-29 08:16:23.925 ERROR [users-ws,,,] 24224 --- [RMI TCP Connection(26)-127.0.0.1] c.n.d.s.t.d.RedirectingEurekaHttpClient  : Request execution error. endpoint=DefaultEndpoint{ serviceUrl='http://michel:010203@localhost:8010/eureka/}

com.sun.jersey.api.client.ClientHandlerException: java.net.ConnectException: Connection refused
	at com.sun.jersey.client.apache4.ApacheHttpClient4Handler.handle(ApacheHttpClient4Handler.java:187) ~[jersey-apache-client4-1.19.1.jar:1.19.1]
	at com.sun.jersey.api.client.filter.GZIPContentEncodingFilter.handle(GZIPContentEncodingFilter.java:123) ~[jersey-client-1.19.1.jar:1.19.1]
	at com.netflix.discovery.EurekaIdentityHeaderFilter.handle(EurekaIdentityHeaderFilter.java:27) ~[eureka-client-1.9.13.jar:1.9.13]
	at com.sun.jersey.api.client.Client.handle(Client.java:652) ~[jersey-client-1.19.1.jar:1.19.1]
	at com.sun.jersey.api.client.WebResource.handle(WebResource.java:682) ~[jersey-client-1.19.1.jar:1.19.1]
	at com.sun.jersey.api.client.WebResource.access$200(WebResource.java:74) ~[jersey-client-1.19.1.jar:1.19.1]
	at com.sun.jersey.api.client.WebResource$Builder.delete(WebResource.java:591) ~[jersey-client-1.19.1.jar:1.19.1]
	at com.netflix.discovery.shared.transport.jersey.AbstractJerseyEurekaHttpClient.cancel(AbstractJerseyEurekaHttpClient.java:76) ~[eureka-client-1.9.13.jar:1.9.13]
	at com.netflix.discovery.shared.transport.decorator.EurekaHttpClientDecorator$2.execute(EurekaHttpClientDecorator.java:74) ~[eureka-client-1.9.13.jar:1.9.13]
	at com.netflix.discovery.shared.transport.decorator.MetricsCollectingEurekaHttpClient.execute(MetricsCollectingEurekaHttpClient.java:73) ~[eureka-client-1.9.13.jar:1.9.13]
	at com.netflix.discovery.shared.transport.decorator.EurekaHttpClientDecorator.cancel(EurekaHttpClientDecorator.java:71) ~[eureka-client-1.9.13.jar:1.9.13]
	at com.netflix.discovery.shared.transport.decorator.EurekaHttpClientDecorator$2.execute(EurekaHttpClientDecorator.java:74) ~[eureka-client-1.9.13.jar:1.9.13]
	at com.netflix.discovery.shared.transport.decorator.RedirectingEurekaHttpClient.executeOnNewServer(RedirectingEurekaHttpClient.java:118) ~[eureka-client-1.9.13.jar:1.9.13]
	at com.netflix.discovery.shared.transport.decorator.RedirectingEurekaHttpClient.execute(RedirectingEurekaHttpClient.java:79) ~[eureka-client-1.9.13.jar:1.9.13]
	at com.netflix.discovery.shared.transport.decorator.EurekaHttpClientDecorator.cancel(EurekaHttpClientDecorator.java:71) ~[eureka-client-1.9.13.jar:1.9.13]
	at com.netflix.discovery.shared.transport.decorator.EurekaHttpClientDecorator$2.execute(EurekaHttpClientDecorator.java:74) ~[eureka-client-1.9.13.jar:1.9.13]
	at com.netflix.discovery.shared.transport.decorator.RetryableEurekaHttpClient.execute(RetryableEurekaHttpClient.java:120) ~[eureka-client-1.9.13.jar:1.9.13]
	at com.netflix.discovery.shared.transport.decorator.EurekaHttpClientDecorator.cancel(EurekaHttpClientDecorator.java:71) ~[eureka-client-1.9.13.jar:1.9.13]
	at com.netflix.discovery.shared.transport.decorator.EurekaHttpClientDecorator$2.execute(EurekaHttpClientDecorator.java:74) ~[eureka-client-1.9.13.jar:1.9.13]
	at com.netflix.discovery.shared.transport.decorator.SessionedEurekaHttpClient.execute(SessionedEurekaHttpClient.java:77) ~[eureka-client-1.9.13.jar:1.9.13]
	at com.netflix.discovery.shared.transport.decorator.EurekaHttpClientDecorator.cancel(EurekaHttpClientDecorator.java:71) ~[eureka-client-1.9.13.jar:1.9.13]
	at com.netflix.discovery.DiscoveryClient.unregister(DiscoveryClient.java:941) ~[eureka-client-1.9.13.jar:1.9.13]
	at com.netflix.discovery.DiscoveryClient.shutdown(DiscoveryClient.java:919) ~[eureka-client-1.9.13.jar:1.9.13]
	at java.base/jdk.internal.reflect.NativeMethodAccessorImpl.invoke0(Native Method) ~[na:na]
	at java.base/jdk.internal.reflect.NativeMethodAccessorImpl.invoke(NativeMethodAccessorImpl.java:62) ~[na:na]
	at java.base/jdk.internal.reflect.DelegatingMethodAccessorImpl.invoke(DelegatingMethodAccessorImpl.java:43) ~[na:na]
	at java.base/java.lang.reflect.Method.invoke(Method.java:564) ~[na:na]
	at org.springframework.beans.factory.annotation.InitDestroyAnnotationBeanPostProcessor$LifecycleElement.invoke(InitDestroyAnnotationBeanPostProcessor.java:363) ~[spring-beans-5.1.18.RELEASE.jar:5.1.18.RELEASE]
	at org.springframework.beans.factory.annotation.InitDestroyAnnotationBeanPostProcessor$LifecycleMetadata.invokeDestroyMethods(InitDestroyAnnotationBeanPostProcessor.java:321) ~[spring-beans-5.1.18.RELEASE.jar:5.1.18.RELEASE]
	at org.springframework.beans.factory.annotation.InitDestroyAnnotationBeanPostProcessor.postProcessBeforeDestruction(InitDestroyAnnotationBeanPostProcessor.java:156) ~[spring-beans-5.1.18.RELEASE.jar:5.1.18.RELEASE]
	at org.springframework.beans.factory.support.DisposableBeanAdapter.destroy(DisposableBeanAdapter.java:242) ~[spring-beans-5.1.18.RELEASE.jar:5.1.18.RELEASE]
	at org.springframework.beans.factory.support.DisposableBeanAdapter.run(DisposableBeanAdapter.java:235) ~[spring-beans-5.1.18.RELEASE.jar:5.1.18.RELEASE]
	at org.springframework.cloud.context.scope.GenericScope$BeanLifecycleWrapper.destroy(GenericScope.java:403) ~[spring-cloud-context-2.1.6.RELEASE.jar:2.1.6.RELEASE]
	at org.springframework.cloud.context.scope.GenericScope.destroy(GenericScope.java:142) ~[spring-cloud-context-2.1.6.RELEASE.jar:2.1.6.RELEASE]
	at org.springframework.beans.factory.support.DisposableBeanAdapter.destroy(DisposableBeanAdapter.java:258) ~[spring-beans-5.1.18.RELEASE.jar:5.1.18.RELEASE]
	at org.springframework.beans.factory.support.DefaultSingletonBeanRegistry.destroyBean(DefaultSingletonBeanRegistry.java:587) ~[spring-beans-5.1.18.RELEASE.jar:5.1.18.RELEASE]
	at org.springframework.beans.factory.support.DefaultSingletonBeanRegistry.destroySingleton(DefaultSingletonBeanRegistry.java:559) ~[spring-beans-5.1.18.RELEASE.jar:5.1.18.RELEASE]
	at org.springframework.beans.factory.support.DefaultListableBeanFactory.destroySingleton(DefaultListableBeanFactory.java:1061) ~[spring-beans-5.1.18.RELEASE.jar:5.1.18.RELEASE]
	at org.springframework.beans.factory.support.DefaultSingletonBeanRegistry.destroySingletons(DefaultSingletonBeanRegistry.java:520) ~[spring-beans-5.1.18.RELEASE.jar:5.1.18.RELEASE]
	at org.springframework.beans.factory.support.DefaultListableBeanFactory.destroySingletons(DefaultListableBeanFactory.java:1054) ~[spring-beans-5.1.18.RELEASE.jar:5.1.18.RELEASE]
	at org.springframework.context.support.AbstractApplicationContext.destroyBeans(AbstractApplicationContext.java:1058) ~[spring-context-5.1.18.RELEASE.jar:5.1.18.RELEASE]
	at org.springframework.context.support.AbstractApplicationContext.doClose(AbstractApplicationContext.java:1027) ~[spring-context-5.1.18.RELEASE.jar:5.1.18.RELEASE]
	at org.springframework.context.support.AbstractApplicationContext.close(AbstractApplicationContext.java:976) ~[spring-context-5.1.18.RELEASE.jar:5.1.18.RELEASE]
	at org.springframework.boot.admin.SpringApplicationAdminMXBeanRegistrar$SpringApplicationAdmin.shutdown(SpringApplicationAdminMXBeanRegistrar.java:160) ~[spring-boot-2.1.17.RELEASE.jar:2.1.17.RELEASE]
	at java.base/jdk.internal.reflect.NativeMethodAccessorImpl.invoke0(Native Method) ~[na:na]
	at java.base/jdk.internal.reflect.NativeMethodAccessorImpl.invoke(NativeMethodAccessorImpl.java:62) ~[na:na]
	at java.base/jdk.internal.reflect.DelegatingMethodAccessorImpl.invoke(DelegatingMethodAccessorImpl.java:43) ~[na:na]
	at java.base/java.lang.reflect.Method.invoke(Method.java:564) ~[na:na]
	at sun.reflect.misc.Trampoline.invoke(MethodUtil.java:71) ~[na:na]
	at jdk.internal.reflect.GeneratedMethodAccessor146.invoke(Unknown Source) ~[na:na]
	at java.base/jdk.internal.reflect.DelegatingMethodAccessorImpl.invoke(DelegatingMethodAccessorImpl.java:43) ~[na:na]
	at java.base/java.lang.reflect.Method.invoke(Method.java:564) ~[na:na]
	at java.base/sun.reflect.misc.MethodUtil.invoke(MethodUtil.java:260) ~[na:na]
	at java.management/com.sun.jmx.mbeanserver.ConvertingMethod.invokeWithOpenReturn(ConvertingMethod.java:193) ~[na:na]
	at java.management/com.sun.jmx.mbeanserver.ConvertingMethod.invokeWithOpenReturn(ConvertingMethod.java:175) ~[na:na]
	at java.management/com.sun.jmx.mbeanserver.MXBeanIntrospector.invokeM2(MXBeanIntrospector.java:117) ~[na:na]
	at java.management/com.sun.jmx.mbeanserver.MXBeanIntrospector.invokeM2(MXBeanIntrospector.java:54) ~[na:na]
	at java.management/com.sun.jmx.mbeanserver.MBeanIntrospector.invokeM(MBeanIntrospector.java:237) ~[na:na]
	at java.management/com.sun.jmx.mbeanserver.PerInterface.invoke(PerInterface.java:138) ~[na:na]
	at java.management/com.sun.jmx.mbeanserver.MBeanSupport.invoke(MBeanSupport.java:252) ~[na:na]
	at java.management/com.sun.jmx.interceptor.DefaultMBeanServerInterceptor.invoke(DefaultMBeanServerInterceptor.java:809) ~[na:na]
	at java.management/com.sun.jmx.mbeanserver.JmxMBeanServer.invoke(JmxMBeanServer.java:801) ~[na:na]
	at java.management.rmi/javax.management.remote.rmi.RMIConnectionImpl.doOperation(RMIConnectionImpl.java:1466) ~[na:na]
	at java.management.rmi/javax.management.remote.rmi.RMIConnectionImpl$PrivilegedOperation.run(RMIConnectionImpl.java:1307) ~[na:na]
	at java.management.rmi/javax.management.remote.rmi.RMIConnectionImpl.doPrivilegedOperation(RMIConnectionImpl.java:1399) ~[na:na]
	at java.management.rmi/javax.management.remote.rmi.RMIConnectionImpl.invoke(RMIConnectionImpl.java:827) ~[na:na]
	at java.base/jdk.internal.reflect.NativeMethodAccessorImpl.invoke0(Native Method) ~[na:na]
	at java.base/jdk.internal.reflect.NativeMethodAccessorImpl.invoke(NativeMethodAccessorImpl.java:62) ~[na:na]
	at java.base/jdk.internal.reflect.DelegatingMethodAccessorImpl.invoke(DelegatingMethodAccessorImpl.java:43) ~[na:na]
	at java.base/java.lang.reflect.Method.invoke(Method.java:564) ~[na:na]
	at java.rmi/sun.rmi.server.UnicastServerRef.dispatch(UnicastServerRef.java:359) ~[na:na]
	at java.rmi/sun.rmi.transport.Transport$1.run(Transport.java:200) ~[na:na]
	at java.rmi/sun.rmi.transport.Transport$1.run(Transport.java:197) ~[na:na]
	at java.base/java.security.AccessController.doPrivileged(AccessController.java:691) ~[na:na]
	at java.rmi/sun.rmi.transport.Transport.serviceCall(Transport.java:196) ~[na:na]
	at java.rmi/sun.rmi.transport.tcp.TCPTransport.handleMessages(TCPTransport.java:587) ~[na:na]
	at java.rmi/sun.rmi.transport.tcp.TCPTransport$ConnectionHandler.run0(TCPTransport.java:828) ~[na:na]
	at java.rmi/sun.rmi.transport.tcp.TCPTransport$ConnectionHandler.lambda$run$0(TCPTransport.java:705) ~[na:na]
	at java.base/java.security.AccessController.doPrivileged(AccessController.java:391) ~[na:na]
	at java.rmi/sun.rmi.transport.tcp.TCPTransport$ConnectionHandler.run(TCPTransport.java:704) ~[na:na]
	at java.base/java.util.concurrent.ThreadPoolExecutor.runWorker(ThreadPoolExecutor.java:1130) ~[na:na]
	at java.base/java.util.concurrent.ThreadPoolExecutor$Worker.run(ThreadPoolExecutor.java:630) ~[na:na]
	at java.base/java.lang.Thread.run(Thread.java:832) ~[na:na]
Caused by: java.net.ConnectException: Connection refused
	at java.base/sun.nio.ch.Net.pollConnect(Native Method) ~[na:na]
	at java.base/sun.nio.ch.Net.pollConnectNow(Net.java:589) ~[na:na]
	at java.base/sun.nio.ch.NioSocketImpl.timedFinishConnect(NioSocketImpl.java:542) ~[na:na]
	at java.base/sun.nio.ch.NioSocketImpl.connect(NioSocketImpl.java:597) ~[na:na]
	at java.base/java.net.SocksSocketImpl.connect(SocksSocketImpl.java:333) ~[na:na]
	at java.base/java.net.Socket.connect(Socket.java:648) ~[na:na]
	at org.apache.http.conn.scheme.PlainSocketFactory.connectSocket(PlainSocketFactory.java:121) ~[httpclient-4.5.12.jar:4.5.12]
	at org.apache.http.impl.conn.DefaultClientConnectionOperator.openConnection(DefaultClientConnectionOperator.java:180) ~[httpclient-4.5.12.jar:4.5.12]
	at org.apache.http.impl.conn.AbstractPoolEntry.open(AbstractPoolEntry.java:144) ~[httpclient-4.5.12.jar:4.5.12]
	at org.apache.http.impl.conn.AbstractPooledConnAdapter.open(AbstractPooledConnAdapter.java:134) ~[httpclient-4.5.12.jar:4.5.12]
	at org.apache.http.impl.client.DefaultRequestDirector.tryConnect(DefaultRequestDirector.java:605) ~[httpclient-4.5.12.jar:4.5.12]
	at org.apache.http.impl.client.DefaultRequestDirector.execute(DefaultRequestDirector.java:440) ~[httpclient-4.5.12.jar:4.5.12]
	at org.apache.http.impl.client.AbstractHttpClient.doExecute(AbstractHttpClient.java:835) ~[httpclient-4.5.12.jar:4.5.12]
	at org.apache.http.impl.client.CloseableHttpClient.execute(CloseableHttpClient.java:118) ~[httpclient-4.5.12.jar:4.5.12]
	at org.apache.http.impl.client.CloseableHttpClient.execute(CloseableHttpClient.java:56) ~[httpclient-4.5.12.jar:4.5.12]
	at com.sun.jersey.client.apache4.ApacheHttpClient4Handler.handle(ApacheHttpClient4Handler.java:173) ~[jersey-apache-client4-1.19.1.jar:1.19.1]
	... 82 common frames omitted

2020-10-29 08:16:23.926  WARN [users-ws,,,] 24224 --- [RMI TCP Connection(26)-127.0.0.1] c.n.d.s.t.d.RetryableEurekaHttpClient    : Request execution failed with message: java.net.ConnectException: Connection refused
2020-10-29 08:16:23.927 ERROR [users-ws,,,] 24224 --- [RMI TCP Connection(26)-127.0.0.1] com.netflix.discovery.DiscoveryClient    : DiscoveryClient_USERS-WS/users-ws:6f93c9191c1ba35fb8d73e7b094ed923 - de-registration failedCannot execute request on any known server

com.netflix.discovery.shared.transport.TransportException: Cannot execute request on any known server
	at com.netflix.discovery.shared.transport.decorator.RetryableEurekaHttpClient.execute(RetryableEurekaHttpClient.java:112) ~[eureka-client-1.9.13.jar:1.9.13]
	at com.netflix.discovery.shared.transport.decorator.EurekaHttpClientDecorator.cancel(EurekaHttpClientDecorator.java:71) ~[eureka-client-1.9.13.jar:1.9.13]
	at com.netflix.discovery.shared.transport.decorator.EurekaHttpClientDecorator$2.execute(EurekaHttpClientDecorator.java:74) ~[eureka-client-1.9.13.jar:1.9.13]
	at com.netflix.discovery.shared.transport.decorator.SessionedEurekaHttpClient.execute(SessionedEurekaHttpClient.java:77) ~[eureka-client-1.9.13.jar:1.9.13]
	at com.netflix.discovery.shared.transport.decorator.EurekaHttpClientDecorator.cancel(EurekaHttpClientDecorator.java:71) ~[eureka-client-1.9.13.jar:1.9.13]
	at com.netflix.discovery.DiscoveryClient.unregister(DiscoveryClient.java:941) ~[eureka-client-1.9.13.jar:1.9.13]
	at com.netflix.discovery.DiscoveryClient.shutdown(DiscoveryClient.java:919) ~[eureka-client-1.9.13.jar:1.9.13]
	at java.base/jdk.internal.reflect.NativeMethodAccessorImpl.invoke0(Native Method) ~[na:na]
	at java.base/jdk.internal.reflect.NativeMethodAccessorImpl.invoke(NativeMethodAccessorImpl.java:62) ~[na:na]
	at java.base/jdk.internal.reflect.DelegatingMethodAccessorImpl.invoke(DelegatingMethodAccessorImpl.java:43) ~[na:na]
	at java.base/java.lang.reflect.Method.invoke(Method.java:564) ~[na:na]
	at org.springframework.beans.factory.annotation.InitDestroyAnnotationBeanPostProcessor$LifecycleElement.invoke(InitDestroyAnnotationBeanPostProcessor.java:363) ~[spring-beans-5.1.18.RELEASE.jar:5.1.18.RELEASE]
	at org.springframework.beans.factory.annotation.InitDestroyAnnotationBeanPostProcessor$LifecycleMetadata.invokeDestroyMethods(InitDestroyAnnotationBeanPostProcessor.java:321) ~[spring-beans-5.1.18.RELEASE.jar:5.1.18.RELEASE]
	at org.springframework.beans.factory.annotation.InitDestroyAnnotationBeanPostProcessor.postProcessBeforeDestruction(InitDestroyAnnotationBeanPostProcessor.java:156) ~[spring-beans-5.1.18.RELEASE.jar:5.1.18.RELEASE]
	at org.springframework.beans.factory.support.DisposableBeanAdapter.destroy(DisposableBeanAdapter.java:242) ~[spring-beans-5.1.18.RELEASE.jar:5.1.18.RELEASE]
	at org.springframework.beans.factory.support.DisposableBeanAdapter.run(DisposableBeanAdapter.java:235) ~[spring-beans-5.1.18.RELEASE.jar:5.1.18.RELEASE]
	at org.springframework.cloud.context.scope.GenericScope$BeanLifecycleWrapper.destroy(GenericScope.java:403) ~[spring-cloud-context-2.1.6.RELEASE.jar:2.1.6.RELEASE]
	at org.springframework.cloud.context.scope.GenericScope.destroy(GenericScope.java:142) ~[spring-cloud-context-2.1.6.RELEASE.jar:2.1.6.RELEASE]
	at org.springframework.beans.factory.support.DisposableBeanAdapter.destroy(DisposableBeanAdapter.java:258) ~[spring-beans-5.1.18.RELEASE.jar:5.1.18.RELEASE]
	at org.springframework.beans.factory.support.DefaultSingletonBeanRegistry.destroyBean(DefaultSingletonBeanRegistry.java:587) ~[spring-beans-5.1.18.RELEASE.jar:5.1.18.RELEASE]
	at org.springframework.beans.factory.support.DefaultSingletonBeanRegistry.destroySingleton(DefaultSingletonBeanRegistry.java:559) ~[spring-beans-5.1.18.RELEASE.jar:5.1.18.RELEASE]
	at org.springframework.beans.factory.support.DefaultListableBeanFactory.destroySingleton(DefaultListableBeanFactory.java:1061) ~[spring-beans-5.1.18.RELEASE.jar:5.1.18.RELEASE]
	at org.springframework.beans.factory.support.DefaultSingletonBeanRegistry.destroySingletons(DefaultSingletonBeanRegistry.java:520) ~[spring-beans-5.1.18.RELEASE.jar:5.1.18.RELEASE]
	at org.springframework.beans.factory.support.DefaultListableBeanFactory.destroySingletons(DefaultListableBeanFactory.java:1054) ~[spring-beans-5.1.18.RELEASE.jar:5.1.18.RELEASE]
	at org.springframework.context.support.AbstractApplicationContext.destroyBeans(AbstractApplicationContext.java:1058) ~[spring-context-5.1.18.RELEASE.jar:5.1.18.RELEASE]
	at org.springframework.context.support.AbstractApplicationContext.doClose(AbstractApplicationContext.java:1027) ~[spring-context-5.1.18.RELEASE.jar:5.1.18.RELEASE]
	at org.springframework.context.support.AbstractApplicationContext.close(AbstractApplicationContext.java:976) ~[spring-context-5.1.18.RELEASE.jar:5.1.18.RELEASE]
	at org.springframework.boot.admin.SpringApplicationAdminMXBeanRegistrar$SpringApplicationAdmin.shutdown(SpringApplicationAdminMXBeanRegistrar.java:160) ~[spring-boot-2.1.17.RELEASE.jar:2.1.17.RELEASE]
	at java.base/jdk.internal.reflect.NativeMethodAccessorImpl.invoke0(Native Method) ~[na:na]
	at java.base/jdk.internal.reflect.NativeMethodAccessorImpl.invoke(NativeMethodAccessorImpl.java:62) ~[na:na]
	at java.base/jdk.internal.reflect.DelegatingMethodAccessorImpl.invoke(DelegatingMethodAccessorImpl.java:43) ~[na:na]
	at java.base/java.lang.reflect.Method.invoke(Method.java:564) ~[na:na]
	at sun.reflect.misc.Trampoline.invoke(MethodUtil.java:71) ~[na:na]
	at jdk.internal.reflect.GeneratedMethodAccessor146.invoke(Unknown Source) ~[na:na]
	at java.base/jdk.internal.reflect.DelegatingMethodAccessorImpl.invoke(DelegatingMethodAccessorImpl.java:43) ~[na:na]
	at java.base/java.lang.reflect.Method.invoke(Method.java:564) ~[na:na]
	at java.base/sun.reflect.misc.MethodUtil.invoke(MethodUtil.java:260) ~[na:na]
	at java.management/com.sun.jmx.mbeanserver.ConvertingMethod.invokeWithOpenReturn(ConvertingMethod.java:193) ~[na:na]
	at java.management/com.sun.jmx.mbeanserver.ConvertingMethod.invokeWithOpenReturn(ConvertingMethod.java:175) ~[na:na]
	at java.management/com.sun.jmx.mbeanserver.MXBeanIntrospector.invokeM2(MXBeanIntrospector.java:117) ~[na:na]
	at java.management/com.sun.jmx.mbeanserver.MXBeanIntrospector.invokeM2(MXBeanIntrospector.java:54) ~[na:na]
	at java.management/com.sun.jmx.mbeanserver.MBeanIntrospector.invokeM(MBeanIntrospector.java:237) ~[na:na]
	at java.management/com.sun.jmx.mbeanserver.PerInterface.invoke(PerInterface.java:138) ~[na:na]
	at java.management/com.sun.jmx.mbeanserver.MBeanSupport.invoke(MBeanSupport.java:252) ~[na:na]
	at java.management/com.sun.jmx.interceptor.DefaultMBeanServerInterceptor.invoke(DefaultMBeanServerInterceptor.java:809) ~[na:na]
	at java.management/com.sun.jmx.mbeanserver.JmxMBeanServer.invoke(JmxMBeanServer.java:801) ~[na:na]
	at java.management.rmi/javax.management.remote.rmi.RMIConnectionImpl.doOperation(RMIConnectionImpl.java:1466) ~[na:na]
	at java.management.rmi/javax.management.remote.rmi.RMIConnectionImpl$PrivilegedOperation.run(RMIConnectionImpl.java:1307) ~[na:na]
	at java.management.rmi/javax.management.remote.rmi.RMIConnectionImpl.doPrivilegedOperation(RMIConnectionImpl.java:1399) ~[na:na]
	at java.management.rmi/javax.management.remote.rmi.RMIConnectionImpl.invoke(RMIConnectionImpl.java:827) ~[na:na]
	at java.base/jdk.internal.reflect.NativeMethodAccessorImpl.invoke0(Native Method) ~[na:na]
	at java.base/jdk.internal.reflect.NativeMethodAccessorImpl.invoke(NativeMethodAccessorImpl.java:62) ~[na:na]
	at java.base/jdk.internal.reflect.DelegatingMethodAccessorImpl.invoke(DelegatingMethodAccessorImpl.java:43) ~[na:na]
	at java.base/java.lang.reflect.Method.invoke(Method.java:564) ~[na:na]
	at java.rmi/sun.rmi.server.UnicastServerRef.dispatch(UnicastServerRef.java:359) ~[na:na]
	at java.rmi/sun.rmi.transport.Transport$1.run(Transport.java:200) ~[na:na]
	at java.rmi/sun.rmi.transport.Transport$1.run(Transport.java:197) ~[na:na]
	at java.base/java.security.AccessController.doPrivileged(AccessController.java:691) ~[na:na]
	at java.rmi/sun.rmi.transport.Transport.serviceCall(Transport.java:196) ~[na:na]
	at java.rmi/sun.rmi.transport.tcp.TCPTransport.handleMessages(TCPTransport.java:587) ~[na:na]
	at java.rmi/sun.rmi.transport.tcp.TCPTransport$ConnectionHandler.run0(TCPTransport.java:828) ~[na:na]
	at java.rmi/sun.rmi.transport.tcp.TCPTransport$ConnectionHandler.lambda$run$0(TCPTransport.java:705) ~[na:na]
	at java.base/java.security.AccessController.doPrivileged(AccessController.java:391) ~[na:na]
	at java.rmi/sun.rmi.transport.tcp.TCPTransport$ConnectionHandler.run(TCPTransport.java:704) ~[na:na]
	at java.base/java.util.concurrent.ThreadPoolExecutor.runWorker(ThreadPoolExecutor.java:1130) ~[na:na]
	at java.base/java.util.concurrent.ThreadPoolExecutor$Worker.run(ThreadPoolExecutor.java:630) ~[na:na]
	at java.base/java.lang.Thread.run(Thread.java:832) ~[na:na]

2020-10-29 08:16:23.937  INFO [users-ws,,,] 24224 --- [RMI TCP Connection(26)-127.0.0.1] com.netflix.discovery.DiscoveryClient    : Completed shut down of DiscoveryClient
2020-10-29 08:16:23.937  INFO [users-ws,,,] 24224 --- [RMI TCP Connection(26)-127.0.0.1] com.zaxxer.hikari.HikariDataSource       : HikariPool-1 - Shutdown initiated...
2020-10-29 08:16:23.945  INFO [users-ws,,,] 24224 --- [RMI TCP Connection(26)-127.0.0.1] com.zaxxer.hikari.HikariDataSource       : HikariPool-1 - Shutdown completed.
2020-10-29 15:22:06.890  INFO [users-ws,,,] 21102 --- [restartedMain] c.c.c.ConfigServicePropertySourceLocator : Fetching config from server at : http://localhost:8888/
2020-10-29 15:22:07.726  INFO [users-ws,,,] 21102 --- [restartedMain] c.c.c.ConfigServicePropertySourceLocator : Located environment: name=PhotoAppAPIConfigServer, profiles=[default], label=null, version=a6566893876ac79a8cbe80dcc1bfa9cad7a9bfd9, state=null
2020-10-29 15:22:07.727  INFO [users-ws,,,] 21102 --- [restartedMain] b.c.PropertySourceBootstrapConfiguration : Located property source: [BootstrapPropertySource {name='bootstrapProperties-configClient'}, BootstrapPropertySource {name='bootstrapProperties-https://github.com/michelzarpe/PhotoAppAPIConfigServer/application.properties'}]
2020-10-29 15:22:07.789  INFO [users-ws,,,] 21102 --- [restartedMain] c.a.p.user.PhotoAppApiUsers1Application  : No active profile set, falling back to default profiles: default
2020-10-29 15:22:10.335  WARN [users-ws,,,] 21102 --- [restartedMain] o.s.boot.actuate.endpoint.EndpointId     : Endpoint ID 'bus-env' contains invalid characters, please migrate to a valid format.
2020-10-29 15:22:10.654  INFO [users-ws,,,] 21102 --- [restartedMain] .s.d.r.c.RepositoryConfigurationDelegate : Bootstrapping Spring Data JPA repositories in DEFAULT mode.
2020-10-29 15:22:10.722  INFO [users-ws,,,] 21102 --- [restartedMain] .s.d.r.c.RepositoryConfigurationDelegate : Finished Spring Data repository scanning in 61ms. Found 1 JPA repository interfaces.
2020-10-29 15:22:10.847  WARN [users-ws,,,] 21102 --- [restartedMain] o.s.boot.actuate.endpoint.EndpointId     : Endpoint ID 'bus-refresh' contains invalid characters, please migrate to a valid format.
2020-10-29 15:22:10.944  WARN [users-ws,,,] 21102 --- [restartedMain] o.s.boot.actuate.endpoint.EndpointId     : Endpoint ID 'service-registry' contains invalid characters, please migrate to a valid format.
2020-10-29 15:22:11.054  WARN [users-ws,,,] 21102 --- [restartedMain] o.s.boot.actuate.endpoint.EndpointId     : Endpoint ID 'hystrix.stream' contains invalid characters, please migrate to a valid format.
2020-10-29 15:22:11.577  INFO [users-ws,,,] 21102 --- [restartedMain] o.s.cloud.context.scope.GenericScope     : BeanFactory id=133c3c7f-a5bf-334c-9da3-2d73b7f53463
2020-10-29 15:22:11.665  INFO [users-ws,,,] 21102 --- [restartedMain] faultConfiguringBeanFactoryPostProcessor : No bean named 'errorChannel' has been explicitly defined. Therefore, a default PublishSubscribeChannel will be created.
2020-10-29 15:22:11.669  INFO [users-ws,,,] 21102 --- [restartedMain] faultConfiguringBeanFactoryPostProcessor : No bean named 'taskScheduler' has been explicitly defined. Therefore, a default ThreadPoolTaskScheduler will be created.
2020-10-29 15:22:11.673  INFO [users-ws,,,] 21102 --- [restartedMain] faultConfiguringBeanFactoryPostProcessor : No bean named 'integrationHeaderChannelRegistry' has been explicitly defined. Therefore, a default DefaultHeaderChannelRegistry will be created.
2020-10-29 15:22:11.992  INFO [users-ws,,,] 21102 --- [restartedMain] trationDelegate$BeanPostProcessorChecker : Bean 'integrationDisposableAutoCreatedBeans' of type [org.springframework.integration.config.annotation.Disposables] is not eligible for getting processed by all BeanPostProcessors (for example: not eligible for auto-proxying)
2020-10-29 15:22:12.040  INFO [users-ws,,,] 21102 --- [restartedMain] trationDelegate$BeanPostProcessorChecker : Bean 'org.springframework.integration.config.IntegrationManagementConfiguration' of type [org.springframework.integration.config.IntegrationManagementConfiguration$$EnhancerBySpringCGLIB$$e74cef63] is not eligible for getting processed by all BeanPostProcessors (for example: not eligible for auto-proxying)
2020-10-29 15:22:12.064  INFO [users-ws,,,] 21102 --- [restartedMain] trationDelegate$BeanPostProcessorChecker : Bean 'org.springframework.boot.autoconfigure.integration.IntegrationAutoConfiguration$IntegrationJmxConfiguration' of type [org.springframework.boot.autoconfigure.integration.IntegrationAutoConfiguration$IntegrationJmxConfiguration$$EnhancerBySpringCGLIB$$c2defa83] is not eligible for getting processed by all BeanPostProcessors (for example: not eligible for auto-proxying)
2020-10-29 15:22:12.073  INFO [users-ws,,,] 21102 --- [restartedMain] trationDelegate$BeanPostProcessorChecker : Bean 'org.springframework.boot.autoconfigure.jmx.JmxAutoConfiguration' of type [org.springframework.boot.autoconfigure.jmx.JmxAutoConfiguration$$EnhancerBySpringCGLIB$$fbc6a350] is not eligible for getting processed by all BeanPostProcessors (for example: not eligible for auto-proxying)
2020-10-29 15:22:12.077  INFO [users-ws,,,] 21102 --- [restartedMain] trationDelegate$BeanPostProcessorChecker : Bean 'mbeanServer' of type [com.sun.jmx.mbeanserver.JmxMBeanServer] is not eligible for getting processed by all BeanPostProcessors (for example: not eligible for auto-proxying)
2020-10-29 15:22:12.798  INFO [users-ws,,,] 21102 --- [restartedMain] o.s.b.w.embedded.tomcat.TomcatWebServer  : Tomcat initialized with port(s): 0 (http)
2020-10-29 15:22:12.828  INFO [users-ws,,,] 21102 --- [restartedMain] o.apache.catalina.core.StandardService   : Starting service [Tomcat]
2020-10-29 15:22:12.829  INFO [users-ws,,,] 21102 --- [restartedMain] org.apache.catalina.core.StandardEngine  : Starting Servlet engine: [Apache Tomcat/9.0.38]
2020-10-29 15:22:12.938  INFO [users-ws,,,] 21102 --- [restartedMain] o.a.c.c.C.[Tomcat].[localhost].[/]       : Initializing Spring embedded WebApplicationContext
2020-10-29 15:22:12.938  INFO [users-ws,,,] 21102 --- [restartedMain] o.s.web.context.ContextLoader            : Root WebApplicationContext: initialization completed in 5129 ms
2020-10-29 15:22:13.134  WARN [users-ws,,,] 21102 --- [restartedMain] c.n.c.sources.URLConfigurationSource     : No URLs will be polled as dynamic configuration sources.
2020-10-29 15:22:13.134  INFO [users-ws,,,] 21102 --- [restartedMain] c.n.c.sources.URLConfigurationSource     : To enable URLs as dynamic configuration sources, define System property archaius.configurationSource.additionalUrls or make config.properties available on classpath.
2020-10-29 15:22:13.155  INFO [users-ws,,,] 21102 --- [restartedMain] c.netflix.config.DynamicPropertyFactory  : DynamicPropertyFactory is initialized with configuration sources: com.netflix.config.ConcurrentCompositeConfiguration@1dccfade
2020-10-29 15:22:14.849  INFO [users-ws,,,] 21102 --- [restartedMain] o.s.s.c.ThreadPoolTaskScheduler          : Initializing ExecutorService 'taskScheduler'
2020-10-29 15:22:15.591  INFO [users-ws,,,] 21102 --- [restartedMain] com.zaxxer.hikari.HikariDataSource       : HikariPool-1 - Starting...
2020-10-29 15:22:15.905  INFO [users-ws,,,] 21102 --- [restartedMain] com.zaxxer.hikari.HikariDataSource       : HikariPool-1 - Start completed.
2020-10-29 15:22:16.052  INFO [users-ws,,,] 21102 --- [restartedMain] o.hibernate.jpa.internal.util.LogHelper  : HHH000204: Processing PersistenceUnitInfo [
	name: default
	...]
2020-10-29 15:22:16.264  INFO [users-ws,,,] 21102 --- [restartedMain] org.hibernate.Version                    : HHH000412: Hibernate Core {5.3.18.Final}
2020-10-29 15:22:16.267  INFO [users-ws,,,] 21102 --- [restartedMain] org.hibernate.cfg.Environment            : HHH000206: hibernate.properties not found
2020-10-29 15:22:16.543  INFO [users-ws,,,] 21102 --- [restartedMain] o.hibernate.annotations.common.Version   : HCANN000001: Hibernate Commons Annotations {5.0.4.Final}
2020-10-29 15:22:16.759  INFO [users-ws,,,] 21102 --- [restartedMain] org.hibernate.dialect.Dialect            : HHH000400: Using dialect: org.hibernate.dialect.PostgreSQL95Dialect
2020-10-29 15:22:16.776  INFO [users-ws,,,] 21102 --- [restartedMain] o.h.e.j.e.i.LobCreatorBuilderImpl        : HHH000422: Disabling contextual LOB creation as connection was null
2020-10-29 15:22:16.781  INFO [users-ws,,,] 21102 --- [restartedMain] org.hibernate.type.BasicTypeRegistry     : HHH000270: Type registration [java.util.UUID] overrides previous : org.hibernate.type.UUIDBinaryType@3485c3c2
2020-10-29 15:22:17.525  INFO [users-ws,,,] 21102 --- [restartedMain] j.LocalContainerEntityManagerFactoryBean : Initialized JPA EntityManagerFactory for persistence unit 'default'
2020-10-29 15:22:17.598  WARN [users-ws,,,] 21102 --- [restartedMain] o.s.b.d.a.OptionalLiveReloadServer       : Unable to start LiveReload server
2020-10-29 15:22:18.547  INFO [users-ws,,,] 21102 --- [restartedMain] o.s.s.web.DefaultSecurityFilterChain     : Creating filter chain: any request, [org.springframework.security.web.context.request.async.WebAsyncManagerIntegrationFilter@22cc7848, org.springframework.security.web.context.SecurityContextPersistenceFilter@7e0fcd32, org.springframework.security.web.header.HeaderWriterFilter@2f4ff9b6, org.springframework.security.web.authentication.logout.LogoutFilter@579f3d0e, com.appsdeveloperblog.photoapp.user.AuthenticationFilter@12f58e9b, org.springframework.security.web.savedrequest.RequestCacheAwareFilter@70e5a1c5, org.springframework.security.web.servletapi.SecurityContextHolderAwareRequestFilter@58691398, org.springframework.security.web.authentication.AnonymousAuthenticationFilter@14d8bd6e, org.springframework.security.web.session.SessionManagementFilter@3e76b6b3, org.springframework.security.web.access.ExceptionTranslationFilter@11d627ea, org.springframework.security.web.access.intercept.FilterSecurityInterceptor@15c47bc7]
2020-10-29 15:22:18.667  WARN [users-ws,,,] 21102 --- [restartedMain] c.n.c.sources.URLConfigurationSource     : No URLs will be polled as dynamic configuration sources.
2020-10-29 15:22:18.668  INFO [users-ws,,,] 21102 --- [restartedMain] c.n.c.sources.URLConfigurationSource     : To enable URLs as dynamic configuration sources, define System property archaius.configurationSource.additionalUrls or make config.properties available on classpath.
2020-10-29 15:22:18.943  INFO [users-ws,,,] 21102 --- [restartedMain] o.s.s.concurrent.ThreadPoolTaskExecutor  : Initializing ExecutorService 'applicationTaskExecutor'
2020-10-29 15:22:18.999  WARN [users-ws,,,] 21102 --- [restartedMain] aWebConfiguration$JpaWebMvcConfiguration : spring.jpa.open-in-view is enabled by default. Therefore, database queries may be performed during view rendering. Explicitly configure spring.jpa.open-in-view to disable this warning
2020-10-29 15:22:20.342  INFO [users-ws,,,] 21102 --- [restartedMain] o.s.b.a.e.web.EndpointLinksResolver      : Exposing 1 endpoint(s) beneath base path '/actuator'
2020-10-29 15:22:20.506  INFO [users-ws,,,] 21102 --- [restartedMain] o.s.c.s.m.DirectWithAttributesChannel    : Channel 'application-1.springCloudBusInput' has 1 subscriber(s).
2020-10-29 15:22:20.688  INFO [users-ws,,,] 21102 --- [restartedMain] o.s.i.monitor.IntegrationMBeanExporter   : Registering MessageChannel errorChannel
2020-10-29 15:22:20.742  INFO [users-ws,,,] 21102 --- [restartedMain] o.s.i.monitor.IntegrationMBeanExporter   : Registering MessageChannel nullChannel
2020-10-29 15:22:20.756  INFO [users-ws,,,] 21102 --- [restartedMain] o.s.i.monitor.IntegrationMBeanExporter   : Registering MessageChannel springCloudBusInput
2020-10-29 15:22:20.780  INFO [users-ws,,,] 21102 --- [restartedMain] o.s.i.monitor.IntegrationMBeanExporter   : Registering MessageChannel springCloudBusOutput
2020-10-29 15:22:20.811  INFO [users-ws,,,] 21102 --- [restartedMain] o.s.i.monitor.IntegrationMBeanExporter   : Registering MessageHandler org.springframework.cloud.stream.binding.StreamListenerMessageHandler@473763ed
2020-10-29 15:22:20.861  INFO [users-ws,,,] 21102 --- [restartedMain] o.s.i.monitor.IntegrationMBeanExporter   : Registering MessageHandler errorLogger
2020-10-29 15:22:20.907  INFO [users-ws,,,] 21102 --- [restartedMain] o.s.i.endpoint.EventDrivenConsumer       : Adding {logging-channel-adapter:_org.springframework.integration.errorLogger} as a subscriber to the 'errorChannel' channel
2020-10-29 15:22:20.908  INFO [users-ws,,,] 21102 --- [restartedMain] o.s.i.channel.PublishSubscribeChannel    : Channel 'application-1.errorChannel' has 1 subscriber(s).
2020-10-29 15:22:20.908  INFO [users-ws,,,] 21102 --- [restartedMain] o.s.i.endpoint.EventDrivenConsumer       : started _org.springframework.integration.errorLogger
2020-10-29 15:22:21.022  INFO [users-ws,,,] 21102 --- [restartedMain] c.c.c.ConfigServicePropertySourceLocator : Fetching config from server at : http://localhost:8888/
2020-10-29 15:22:21.587  INFO [users-ws,,,] 21102 --- [restartedMain] c.c.c.ConfigServicePropertySourceLocator : Located environment: name=PhotoAppAPIConfigServer, profiles=[default], label=null, version=a6566893876ac79a8cbe80dcc1bfa9cad7a9bfd9, state=null
2020-10-29 15:22:21.587  INFO [users-ws,,,] 21102 --- [restartedMain] b.c.PropertySourceBootstrapConfiguration : Located property source: [BootstrapPropertySource {name='bootstrapProperties-configClient'}, BootstrapPropertySource {name='bootstrapProperties-https://github.com/michelzarpe/PhotoAppAPIConfigServer/application.properties'}]
2020-10-29 15:22:21.844  INFO [users-ws,,,] 21102 --- [restartedMain] o.s.a.r.c.CachingConnectionFactory       : Attempting to connect to: [localhost:5672]
2020-10-29 15:22:21.872  INFO [users-ws,,,] 21102 --- [restartedMain] o.s.a.r.c.CachingConnectionFactory       : Created new connection: rabbitConnectionFactory#61e108f0:0/SimpleConnection@480a251c [delegate=amqp://michel@127.0.0.1:5672/, localPort= 57474]
2020-10-29 15:22:21.903  INFO [users-ws,,,] 21102 --- [restartedMain] o.s.c.s.m.DirectWithAttributesChannel    : Channel 'application-1.springCloudBusOutput' has 1 subscriber(s).
2020-10-29 15:22:21.943  INFO [users-ws,,,] 21102 --- [restartedMain] c.s.b.r.p.RabbitExchangeQueueProvisioner : declaring queue for inbound: springCloudBus.anonymous.LIHEOlCLTSCfAognuPDsgg, bound to: springCloudBus
2020-10-29 15:22:21.989  INFO [users-ws,,,] 21102 --- [restartedMain] o.s.i.monitor.IntegrationMBeanExporter   : Registering MessageChannel springCloudBus.anonymous.LIHEOlCLTSCfAognuPDsgg.errors
2020-10-29 15:22:22.038  INFO [users-ws,,,] 21102 --- [restartedMain] o.s.c.stream.binder.BinderErrorChannel   : Channel 'application-1.springCloudBus.anonymous.LIHEOlCLTSCfAognuPDsgg.errors' has 1 subscriber(s).
2020-10-29 15:22:22.040  INFO [users-ws,,,] 21102 --- [restartedMain] o.s.c.stream.binder.BinderErrorChannel   : Channel 'application-1.springCloudBus.anonymous.LIHEOlCLTSCfAognuPDsgg.errors' has 2 subscriber(s).
2020-10-29 15:22:22.072  INFO [users-ws,,,] 21102 --- [restartedMain] o.s.i.a.i.AmqpInboundChannelAdapter      : started inbound.springCloudBus.anonymous.LIHEOlCLTSCfAognuPDsgg
2020-10-29 15:22:22.132  INFO [users-ws,,,] 21102 --- [restartedMain] o.s.b.w.embedded.tomcat.TomcatWebServer  : Tomcat started on port(s): 40893 (http) with context path ''
2020-10-29 15:22:22.141  INFO [users-ws,,,] 21102 --- [restartedMain] .s.c.n.e.s.EurekaAutoServiceRegistration : Updating port to 40893
2020-10-29 15:22:22.165  INFO [users-ws,,,] 21102 --- [restartedMain] o.s.c.n.eureka.InstanceInfoFactory       : Setting initial instance status as: STARTING
2020-10-29 15:22:22.243  INFO [users-ws,,,] 21102 --- [restartedMain] com.netflix.discovery.DiscoveryClient    : Initializing Eureka in region us-east-1
2020-10-29 15:22:22.415  INFO [users-ws,,,] 21102 --- [restartedMain] c.n.d.provider.DiscoveryJerseyProvider   : Using JSON encoding codec LegacyJacksonJson
2020-10-29 15:22:22.415  INFO [users-ws,,,] 21102 --- [restartedMain] c.n.d.provider.DiscoveryJerseyProvider   : Using JSON decoding codec LegacyJacksonJson
2020-10-29 15:22:22.567  INFO [users-ws,,,] 21102 --- [restartedMain] c.n.d.provider.DiscoveryJerseyProvider   : Using XML encoding codec XStreamXml
2020-10-29 15:22:22.568  INFO [users-ws,,,] 21102 --- [restartedMain] c.n.d.provider.DiscoveryJerseyProvider   : Using XML decoding codec XStreamXml
2020-10-29 15:22:22.749  INFO [users-ws,,,] 21102 --- [restartedMain] c.n.d.s.r.aws.ConfigClusterResolver      : Resolving eureka endpoints via configuration
2020-10-29 15:22:22.773  INFO [users-ws,,,] 21102 --- [restartedMain] com.netflix.discovery.DiscoveryClient    : Disable delta property : false
2020-10-29 15:22:22.774  INFO [users-ws,,,] 21102 --- [restartedMain] com.netflix.discovery.DiscoveryClient    : Single vip registry refresh property : null
2020-10-29 15:22:22.774  INFO [users-ws,,,] 21102 --- [restartedMain] com.netflix.discovery.DiscoveryClient    : Force full registry fetch : false
2020-10-29 15:22:22.774  INFO [users-ws,,,] 21102 --- [restartedMain] com.netflix.discovery.DiscoveryClient    : Application is null : false
2020-10-29 15:22:22.774  INFO [users-ws,,,] 21102 --- [restartedMain] com.netflix.discovery.DiscoveryClient    : Registered Applications size is zero : true
2020-10-29 15:22:22.775  INFO [users-ws,,,] 21102 --- [restartedMain] com.netflix.discovery.DiscoveryClient    : Application version is -1: true
2020-10-29 15:22:22.775  INFO [users-ws,,,] 21102 --- [restartedMain] com.netflix.discovery.DiscoveryClient    : Getting all instance registry info from the eureka server
2020-10-29 15:22:23.091  INFO [users-ws,,,] 21102 --- [restartedMain] com.netflix.discovery.DiscoveryClient    : The response status is 200
2020-10-29 15:22:23.094  INFO [users-ws,,,] 21102 --- [restartedMain] com.netflix.discovery.DiscoveryClient    : Starting heartbeat executor: renew interval is: 30
2020-10-29 15:22:23.097  INFO [users-ws,,,] 21102 --- [restartedMain] c.n.discovery.InstanceInfoReplicator     : InstanceInfoReplicator onDemand update allowed rate per min is 4
2020-10-29 15:22:23.099  INFO [users-ws,,,] 21102 --- [restartedMain] com.netflix.discovery.DiscoveryClient    : Discovery Client initialized at timestamp 1603995743099 with initial instances count: 2
2020-10-29 15:22:23.108  INFO [users-ws,,,] 21102 --- [restartedMain] o.s.c.n.e.s.EurekaServiceRegistry        : Registering application USERS-WS with eureka with status UP
2020-10-29 15:22:23.109  INFO [users-ws,,,] 21102 --- [restartedMain] com.netflix.discovery.DiscoveryClient    : Saw local status change event StatusChangeEvent [timestamp=1603995743109, current=UP, previous=STARTING]
2020-10-29 15:22:23.117  INFO [users-ws,,,] 21102 --- [DiscoveryClient-InstanceInfoReplicator-0] com.netflix.discovery.DiscoveryClient    : DiscoveryClient_USERS-WS/users-ws:fe22f3df66b6650eefb25787cd75351d: registering service...
2020-10-29 15:22:23.169  INFO [users-ws,,,] 21102 --- [restartedMain] c.a.p.user.PhotoAppApiUsers1Application  : Started PhotoAppApiUsers1Application in 18.33 seconds (JVM running for 19.883)
2020-10-29 15:22:23.217  INFO [users-ws,,,] 21102 --- [DiscoveryClient-InstanceInfoReplicator-0] com.netflix.discovery.DiscoveryClient    : DiscoveryClient_USERS-WS/users-ws:fe22f3df66b6650eefb25787cd75351d - registration status: 204
2020-10-29 15:22:51.509  INFO [users-ws,,,] 21102 --- [http-nio-auto-1-exec-1] o.a.c.c.C.[Tomcat].[localhost].[/]       : Initializing Spring DispatcherServlet 'dispatcherServlet'
2020-10-29 15:22:51.509  INFO [users-ws,,,] 21102 --- [http-nio-auto-1-exec-1] o.s.web.servlet.DispatcherServlet        : Initializing Servlet 'dispatcherServlet'
2020-10-29 15:22:51.529  INFO [users-ws,,,] 21102 --- [http-nio-auto-1-exec-1] o.s.web.servlet.DispatcherServlet        : Completed initialization in 20 ms
2020-10-29 15:22:51.728  INFO [users-ws,5047e13a301befaa,5047e13a301befaa,true] 21102 --- [http-nio-auto-1-exec-1] o.h.h.i.QueryTranslatorFactoryInitiator  : HHH000397: Using ASTQueryTranslatorFactory
2020-10-29 15:22:52.092  INFO [users-ws,5047e13a301befaa,5047e13a301befaa,true] 21102 --- [http-nio-auto-1-exec-1] c.a.photoapp.user.AuthenticationFilter   : ########## QTD Millis: 87500000
2020-10-29 15:22:53.921  WARN [users-ws,,,] 21102 --- [AsyncReporter{org.springframework.cloud.sleuth.zipkin2.sender.RestTemplateSender@29b47ac}] z.r.AsyncReporter$BoundedAsyncReporter   : Spans were dropped due to exceptions. All subsequent errors will be logged at FINE level.
2020-10-29 15:22:53.923  WARN [users-ws,,,] 21102 --- [AsyncReporter{org.springframework.cloud.sleuth.zipkin2.sender.RestTemplateSender@29b47ac}] z.r.AsyncReporter$BoundedAsyncReporter   : Dropped 1 spans due to ResourceAccessException(I/O error on POST request for "http://localhost:9411/api/v2/spans": Connection refused; nested exception is java.net.ConnectException: Connection refused)

org.springframework.web.client.ResourceAccessException: I/O error on POST request for "http://localhost:9411/api/v2/spans": Connection refused; nested exception is java.net.ConnectException: Connection refused
	at org.springframework.web.client.RestTemplate.doExecute(RestTemplate.java:742) ~[spring-web-5.1.18.RELEASE.jar:5.1.18.RELEASE]
	at org.springframework.cloud.sleuth.zipkin2.sender.ZipkinRestTemplateWrapper.doExecute(ZipkinRestTemplateSenderConfiguration.java:214) ~[spring-cloud-sleuth-zipkin-2.1.7.RELEASE.jar:2.1.7.RELEASE]
	at org.springframework.web.client.RestTemplate.exchange(RestTemplate.java:635) ~[spring-web-5.1.18.RELEASE.jar:5.1.18.RELEASE]
	at org.springframework.cloud.sleuth.zipkin2.sender.RestTemplateSender.post(RestTemplateSender.java:129) ~[spring-cloud-sleuth-zipkin-2.1.7.RELEASE.jar:2.1.7.RELEASE]
	at org.springframework.cloud.sleuth.zipkin2.sender.RestTemplateSender$HttpPostCall.doExecute(RestTemplateSender.java:142) ~[spring-cloud-sleuth-zipkin-2.1.7.RELEASE.jar:2.1.7.RELEASE]
	at org.springframework.cloud.sleuth.zipkin2.sender.RestTemplateSender$HttpPostCall.doExecute(RestTemplateSender.java:132) ~[spring-cloud-sleuth-zipkin-2.1.7.RELEASE.jar:2.1.7.RELEASE]
	at zipkin2.Call$Base.execute(Call.java:380) ~[zipkin-2.19.3.jar:na]
	at zipkin2.reporter.AsyncReporter$BoundedAsyncReporter.flush(AsyncReporter.java:284) ~[zipkin-reporter-2.12.1.jar:na]
	at zipkin2.reporter.AsyncReporter$Flusher.run(AsyncReporter.java:358) ~[zipkin-reporter-2.12.1.jar:na]
	at java.base/java.lang.Thread.run(Thread.java:832) ~[na:na]
Caused by: java.net.ConnectException: Connection refused
	at java.base/sun.nio.ch.Net.connect0(Native Method) ~[na:na]
	at java.base/sun.nio.ch.Net.connect(Net.java:503) ~[na:na]
	at java.base/sun.nio.ch.Net.connect(Net.java:492) ~[na:na]
	at java.base/sun.nio.ch.NioSocketImpl.connect(NioSocketImpl.java:588) ~[na:na]
	at java.base/java.net.Socket.connect(Socket.java:648) ~[na:na]
	at java.base/java.net.Socket.connect(Socket.java:597) ~[na:na]
	at java.base/sun.net.NetworkClient.doConnect(NetworkClient.java:182) ~[na:na]
	at java.base/sun.net.www.http.HttpClient.openServer(HttpClient.java:474) ~[na:na]
	at java.base/sun.net.www.http.HttpClient.openServer(HttpClient.java:569) ~[na:na]
	at java.base/sun.net.www.http.HttpClient.<init>(HttpClient.java:242) ~[na:na]
	at java.base/sun.net.www.http.HttpClient.New(HttpClient.java:341) ~[na:na]
	at java.base/sun.net.www.http.HttpClient.New(HttpClient.java:362) ~[na:na]
	at java.base/sun.net.www.protocol.http.HttpURLConnection.getNewHttpClient(HttpURLConnection.java:1261) ~[na:na]
	at java.base/sun.net.www.protocol.http.HttpURLConnection.plainConnect0(HttpURLConnection.java:1194) ~[na:na]
	at java.base/sun.net.www.protocol.http.HttpURLConnection.plainConnect(HttpURLConnection.java:1082) ~[na:na]
	at java.base/sun.net.www.protocol.http.HttpURLConnection.connect(HttpURLConnection.java:1016) ~[na:na]
	at org.springframework.http.client.SimpleBufferingClientHttpRequest.executeInternal(SimpleBufferingClientHttpRequest.java:76) ~[spring-web-5.1.18.RELEASE.jar:5.1.18.RELEASE]
	at org.springframework.http.client.AbstractBufferingClientHttpRequest.executeInternal(AbstractBufferingClientHttpRequest.java:48) ~[spring-web-5.1.18.RELEASE.jar:5.1.18.RELEASE]
	at org.springframework.http.client.AbstractClientHttpRequest.execute(AbstractClientHttpRequest.java:53) ~[spring-web-5.1.18.RELEASE.jar:5.1.18.RELEASE]
	at org.springframework.web.client.RestTemplate.doExecute(RestTemplate.java:733) ~[spring-web-5.1.18.RELEASE.jar:5.1.18.RELEASE]
	... 9 common frames omitted

2020-10-29 15:22:54.546  INFO [users-ws,d304c786a73fffc3,d304c786a73fffc3,true] 21102 --- [http-nio-auto-1-exec-2] c.a.photoapp.user.AuthenticationFilter   : ########## QTD Millis: 87500000
2020-10-29 15:23:59.566  INFO [users-ws,968eff40ae355385,968eff40ae355385,true] 21102 --- [http-nio-auto-1-exec-4] c.a.photoapp.user.UsersServiceImpl       : Before calling albums Microservice
2020-10-29 15:24:00.040 DEBUG [users-ws,968eff40ae355385,02a7021501bd919b,true] 21102 --- [hystrix-albums-ws-1] c.a.photoapp.user.AlbumsServiceClient    : [AlbumsServiceClient#getAlbums] ---> GET http://albums-ws/users/b1029174-4a6f-4f83-9bd0-4ec3db50bbe2/albums HTTP/1.1
2020-10-29 15:24:00.041 DEBUG [users-ws,968eff40ae355385,02a7021501bd919b,true] 21102 --- [hystrix-albums-ws-1] c.a.photoapp.user.AlbumsServiceClient    : [AlbumsServiceClient#getAlbums] ---> END HTTP (0-byte body)
2020-10-29 15:24:00.346  INFO [users-ws,968eff40ae355385,02a7021501bd919b,true] 21102 --- [hystrix-albums-ws-1] c.netflix.config.ChainedDynamicProperty  : Flipping property: albums-ws.ribbon.ActiveConnectionsLimit to use NEXT property: niws.loadbalancer.availabilityFilteringRule.activeConnectionsLimit = 2147483647
2020-10-29 15:24:00.391  INFO [users-ws,968eff40ae355385,02a7021501bd919b,true] 21102 --- [hystrix-albums-ws-1] c.n.u.concurrent.ShutdownEnabledTimer    : Shutdown hook installed for: NFLoadBalancer-PingTimer-albums-ws
2020-10-29 15:24:00.392  INFO [users-ws,968eff40ae355385,02a7021501bd919b,true] 21102 --- [hystrix-albums-ws-1] c.netflix.loadbalancer.BaseLoadBalancer  : Client: albums-ws instantiated a LoadBalancer: DynamicServerListLoadBalancer:{NFLoadBalancer:name=albums-ws,current list of Servers=[],Load balancer stats=Zone stats: {},Server stats: []}ServerList:null
2020-10-29 15:24:00.407  INFO [users-ws,968eff40ae355385,02a7021501bd919b,true] 21102 --- [hystrix-albums-ws-1] c.n.l.DynamicServerListLoadBalancer      : Using serverListUpdater PollingServerListUpdater
2020-10-29 15:24:00.432  INFO [users-ws,968eff40ae355385,02a7021501bd919b,true] 21102 --- [hystrix-albums-ws-1] c.netflix.config.ChainedDynamicProperty  : Flipping property: albums-ws.ribbon.ActiveConnectionsLimit to use NEXT property: niws.loadbalancer.availabilityFilteringRule.activeConnectionsLimit = 2147483647
2020-10-29 15:24:00.440  INFO [users-ws,968eff40ae355385,02a7021501bd919b,true] 21102 --- [hystrix-albums-ws-1] c.n.l.DynamicServerListLoadBalancer      : DynamicServerListLoadBalancer for client albums-ws initialized: DynamicServerListLoadBalancer:{NFLoadBalancer:name=albums-ws,current list of Servers=[192.168.10.124:42495],Load balancer stats=Zone stats: {defaultzone=[Zone:defaultzone;	Instance count:1;	Active connections count: 0;	Circuit breaker tripped count: 0;	Active connections per server: 0.0;]
},Server stats: [[Server:192.168.10.124:42495;	Zone:defaultZone;	Total Requests:0;	Successive connection failure:0;	Total blackout seconds:0;	Last connection made:Wed Dec 31 21:00:00 BRT 1969;	First connection made: Wed Dec 31 21:00:00 BRT 1969;	Active Connections:0;	total failure count in last (1000) msecs:0;	average resp time:0.0;	90 percentile resp time:0.0;	95 percentile resp time:0.0;	min resp time:0.0;	max resp time:0.0;	stddev resp time:0.0]
]}ServerList:org.springframework.cloud.netflix.ribbon.eureka.DomainExtractingServerList@33bee7f7
2020-10-29 15:24:01.033 ERROR [users-ws,968eff40ae355385,7fb3b290d089d088,true] 21102 --- [HystrixTimer-1] c.a.p.user.AlbumsServiceClientFallback   : Other error Took place null
2020-10-29 15:24:01.035  INFO [users-ws,968eff40ae355385,968eff40ae355385,true] 21102 --- [http-nio-auto-1-exec-4] c.a.photoapp.user.UsersServiceImpl       : After calling albums Microservice
2020-10-29 15:24:01.413  INFO [users-ws,,,] 21102 --- [PollingServerListUpdater-0] c.netflix.config.ChainedDynamicProperty  : Flipping property: albums-ws.ribbon.ActiveConnectionsLimit to use NEXT property: niws.loadbalancer.availabilityFilteringRule.activeConnectionsLimit = 2147483647
2020-10-29 15:24:02.193 DEBUG [users-ws,968eff40ae355385,02a7021501bd919b,true] 21102 --- [hystrix-albums-ws-1] c.a.photoapp.user.AlbumsServiceClient    : [AlbumsServiceClient#getAlbums] <--- HTTP/1.1 200 (2152ms)
2020-10-29 15:24:02.194 DEBUG [users-ws,968eff40ae355385,02a7021501bd919b,true] 21102 --- [hystrix-albums-ws-1] c.a.photoapp.user.AlbumsServiceClient    : [AlbumsServiceClient#getAlbums] content-type: application/json;charset=UTF-8
2020-10-29 15:24:02.194 DEBUG [users-ws,968eff40ae355385,02a7021501bd919b,true] 21102 --- [hystrix-albums-ws-1] c.a.photoapp.user.AlbumsServiceClient    : [AlbumsServiceClient#getAlbums] date: Thu, 29 Oct 2020 18:24:02 GMT
2020-10-29 15:24:02.194 DEBUG [users-ws,968eff40ae355385,02a7021501bd919b,true] 21102 --- [hystrix-albums-ws-1] c.a.photoapp.user.AlbumsServiceClient    : [AlbumsServiceClient#getAlbums] transfer-encoding: chunked
2020-10-29 15:24:02.194 DEBUG [users-ws,968eff40ae355385,02a7021501bd919b,true] 21102 --- [hystrix-albums-ws-1] c.a.photoapp.user.AlbumsServiceClient    : [AlbumsServiceClient#getAlbums] 
2020-10-29 15:24:02.215 DEBUG [users-ws,968eff40ae355385,02a7021501bd919b,true] 21102 --- [hystrix-albums-ws-1] c.a.photoapp.user.AlbumsServiceClient    : [AlbumsServiceClient#getAlbums] [{"albumId":"album1Id","userId":"b1029174-4a6f-4f83-9bd0-4ec3db50bbe2","name":"album 1 name","description":"album 1 description"},{"albumId":"album2Id","userId":"b1029174-4a6f-4f83-9bd0-4ec3db50bbe2","name":"album 2 name","description":"album 2 description"}]
2020-10-29 15:24:02.215 DEBUG [users-ws,968eff40ae355385,02a7021501bd919b,true] 21102 --- [hystrix-albums-ws-1] c.a.photoapp.user.AlbumsServiceClient    : [AlbumsServiceClient#getAlbums] <--- END HTTP (259-byte body)
2020-10-29 15:24:02.688  INFO [users-ws,e2616c120d441e93,e2616c120d441e93,true] 21102 --- [http-nio-auto-1-exec-5] c.a.photoapp.user.UsersServiceImpl       : Before calling albums Microservice
2020-10-29 15:24:02.697 DEBUG [users-ws,e2616c120d441e93,c725d7ec2b8e6669,true] 21102 --- [hystrix-albums-ws-2] c.a.photoapp.user.AlbumsServiceClient    : [AlbumsServiceClient#getAlbums] ---> GET http://albums-ws/users/b1029174-4a6f-4f83-9bd0-4ec3db50bbe2/albums HTTP/1.1
2020-10-29 15:24:02.698 DEBUG [users-ws,e2616c120d441e93,c725d7ec2b8e6669,true] 21102 --- [hystrix-albums-ws-2] c.a.photoapp.user.AlbumsServiceClient    : [AlbumsServiceClient#getAlbums] ---> END HTTP (0-byte body)
2020-10-29 15:24:02.712 DEBUG [users-ws,e2616c120d441e93,c725d7ec2b8e6669,true] 21102 --- [hystrix-albums-ws-2] c.a.photoapp.user.AlbumsServiceClient    : [AlbumsServiceClient#getAlbums] <--- HTTP/1.1 200 (12ms)
2020-10-29 15:24:02.713 DEBUG [users-ws,e2616c120d441e93,c725d7ec2b8e6669,true] 21102 --- [hystrix-albums-ws-2] c.a.photoapp.user.AlbumsServiceClient    : [AlbumsServiceClient#getAlbums] content-type: application/json;charset=UTF-8
2020-10-29 15:24:02.713 DEBUG [users-ws,e2616c120d441e93,c725d7ec2b8e6669,true] 21102 --- [hystrix-albums-ws-2] c.a.photoapp.user.AlbumsServiceClient    : [AlbumsServiceClient#getAlbums] date: Thu, 29 Oct 2020 18:24:02 GMT
2020-10-29 15:24:02.714 DEBUG [users-ws,e2616c120d441e93,c725d7ec2b8e6669,true] 21102 --- [hystrix-albums-ws-2] c.a.photoapp.user.AlbumsServiceClient    : [AlbumsServiceClient#getAlbums] transfer-encoding: chunked
2020-10-29 15:24:02.714 DEBUG [users-ws,e2616c120d441e93,c725d7ec2b8e6669,true] 21102 --- [hystrix-albums-ws-2] c.a.photoapp.user.AlbumsServiceClient    : [AlbumsServiceClient#getAlbums] 
2020-10-29 15:24:02.715 DEBUG [users-ws,e2616c120d441e93,c725d7ec2b8e6669,true] 21102 --- [hystrix-albums-ws-2] c.a.photoapp.user.AlbumsServiceClient    : [AlbumsServiceClient#getAlbums] [{"albumId":"album1Id","userId":"b1029174-4a6f-4f83-9bd0-4ec3db50bbe2","name":"album 1 name","description":"album 1 description"},{"albumId":"album2Id","userId":"b1029174-4a6f-4f83-9bd0-4ec3db50bbe2","name":"album 2 name","description":"album 2 description"}]
2020-10-29 15:24:02.715 DEBUG [users-ws,e2616c120d441e93,c725d7ec2b8e6669,true] 21102 --- [hystrix-albums-ws-2] c.a.photoapp.user.AlbumsServiceClient    : [AlbumsServiceClient#getAlbums] <--- END HTTP (259-byte body)
2020-10-29 15:24:02.719  INFO [users-ws,e2616c120d441e93,e2616c120d441e93,true] 21102 --- [http-nio-auto-1-exec-5] c.a.photoapp.user.UsersServiceImpl       : After calling albums Microservice
2020-10-29 15:24:14.898  INFO [users-ws,,,] 21102 --- [RMI TCP Connection(9)-127.0.0.1] inMXBeanRegistrar$SpringApplicationAdmin : Application shutdown requested.
2020-10-29 15:24:14.899  INFO [users-ws,,,] 21102 --- [RMI TCP Connection(9)-127.0.0.1] o.s.c.n.e.s.EurekaServiceRegistry        : Unregistering application USERS-WS with eureka with status DOWN
2020-10-29 15:24:14.899  WARN [users-ws,,,] 21102 --- [RMI TCP Connection(9)-127.0.0.1] com.netflix.discovery.DiscoveryClient    : Saw local status change event StatusChangeEvent [timestamp=1603995854899, current=DOWN, previous=UP]
2020-10-29 15:24:14.900  INFO [users-ws,,,] 21102 --- [DiscoveryClient-InstanceInfoReplicator-0] com.netflix.discovery.DiscoveryClient    : DiscoveryClient_USERS-WS/users-ws:fe22f3df66b6650eefb25787cd75351d: registering service...
2020-10-29 15:24:14.915  INFO [users-ws,,,] 21102 --- [DiscoveryClient-InstanceInfoReplicator-0] com.netflix.discovery.DiscoveryClient    : DiscoveryClient_USERS-WS/users-ws:fe22f3df66b6650eefb25787cd75351d - registration status: 204
2020-10-29 15:24:14.943  INFO [users-ws,,,] 21102 --- [RMI TCP Connection(9)-127.0.0.1] o.s.a.r.l.SimpleMessageListenerContainer : Waiting for workers to finish.
2020-10-29 15:24:15.107  INFO [users-ws,,,] 21102 --- [RMI TCP Connection(9)-127.0.0.1] o.s.a.r.l.SimpleMessageListenerContainer : Successfully waited for workers to finish.
2020-10-29 15:24:15.107  INFO [users-ws,,,] 21102 --- [RMI TCP Connection(9)-127.0.0.1] o.s.i.a.i.AmqpInboundChannelAdapter      : stopped inbound.springCloudBus.anonymous.LIHEOlCLTSCfAognuPDsgg
2020-10-29 15:24:15.108  INFO [users-ws,,,] 21102 --- [RMI TCP Connection(9)-127.0.0.1] o.s.c.stream.binder.BinderErrorChannel   : Channel 'application-1.springCloudBus.anonymous.LIHEOlCLTSCfAognuPDsgg.errors' has 1 subscriber(s).
2020-10-29 15:24:15.108  INFO [users-ws,,,] 21102 --- [RMI TCP Connection(9)-127.0.0.1] o.s.c.stream.binder.BinderErrorChannel   : Channel 'application-1.springCloudBus.anonymous.LIHEOlCLTSCfAognuPDsgg.errors' has 0 subscriber(s).
2020-10-29 15:24:15.111  INFO [users-ws,,,] 21102 --- [RMI TCP Connection(9)-127.0.0.1] o.s.i.endpoint.EventDrivenConsumer       : Removing {logging-channel-adapter:_org.springframework.integration.errorLogger} as a subscriber to the 'errorChannel' channel
2020-10-29 15:24:15.112  INFO [users-ws,,,] 21102 --- [RMI TCP Connection(9)-127.0.0.1] o.s.i.channel.PublishSubscribeChannel    : Channel 'application-1.errorChannel' has 0 subscriber(s).
2020-10-29 15:24:15.112  INFO [users-ws,,,] 21102 --- [RMI TCP Connection(9)-127.0.0.1] o.s.i.endpoint.EventDrivenConsumer       : stopped _org.springframework.integration.errorLogger
2020-10-29 15:24:15.132  INFO [users-ws,,,] 21102 --- [RMI TCP Connection(9)-127.0.0.1] o.s.s.concurrent.ThreadPoolTaskExecutor  : Shutting down ExecutorService 'applicationTaskExecutor'
2020-10-29 15:24:15.138  INFO [users-ws,,,] 21102 --- [RMI TCP Connection(9)-127.0.0.1] j.LocalContainerEntityManagerFactoryBean : Closing JPA EntityManagerFactory for persistence unit 'default'
2020-10-29 15:24:15.151  INFO [users-ws,,,] 21102 --- [RMI TCP Connection(9)-127.0.0.1] o.s.s.c.ThreadPoolTaskScheduler          : Shutting down ExecutorService 'taskScheduler'
2020-10-29 15:24:15.947  INFO [users-ws,,,] 21102 --- [RMI TCP Connection(9)-127.0.0.1] c.n.u.concurrent.ShutdownEnabledTimer    : Shutdown hook removed for: NFLoadBalancer-PingTimer-albums-ws
2020-10-29 15:24:15.956  INFO [users-ws,,,] 21102 --- [RMI TCP Connection(9)-127.0.0.1] o.s.i.monitor.IntegrationMBeanExporter   : Summary on shutdown: errorChannel
2020-10-29 15:24:15.957  INFO [users-ws,,,] 21102 --- [RMI TCP Connection(9)-127.0.0.1] o.s.i.monitor.IntegrationMBeanExporter   : Summary on shutdown: springCloudBus.anonymous.LIHEOlCLTSCfAognuPDsgg.errors
2020-10-29 15:24:15.958  INFO [users-ws,,,] 21102 --- [RMI TCP Connection(9)-127.0.0.1] o.s.i.monitor.IntegrationMBeanExporter   : Summary on shutdown: nullChannel
2020-10-29 15:24:15.959  INFO [users-ws,,,] 21102 --- [RMI TCP Connection(9)-127.0.0.1] o.s.i.monitor.IntegrationMBeanExporter   : Summary on shutdown: springCloudBusInput
2020-10-29 15:24:15.959  INFO [users-ws,,,] 21102 --- [RMI TCP Connection(9)-127.0.0.1] o.s.i.monitor.IntegrationMBeanExporter   : Summary on shutdown: springCloudBusOutput
2020-10-29 15:24:15.959  INFO [users-ws,,,] 21102 --- [RMI TCP Connection(9)-127.0.0.1] o.s.i.monitor.IntegrationMBeanExporter   : Summary on shutdown: org.springframework.cloud.stream.binding.StreamListenerMessageHandler@473763ed
2020-10-29 15:24:15.959  INFO [users-ws,,,] 21102 --- [RMI TCP Connection(9)-127.0.0.1] o.s.i.monitor.IntegrationMBeanExporter   : Summary on shutdown: _org.springframework.integration.errorLogger.handler
2020-10-29 15:24:15.959  INFO [users-ws,,,] 21102 --- [RMI TCP Connection(9)-127.0.0.1] com.netflix.discovery.DiscoveryClient    : Shutting down DiscoveryClient ...
2020-10-29 15:24:16.886  INFO [users-ws,,,] 21102 --- [Thread-15] c.n.l.PollingServerListUpdater           : Shutting down the Executor Pool for PollingServerListUpdater
2020-10-29 15:24:18.960  INFO [users-ws,,,] 21102 --- [RMI TCP Connection(9)-127.0.0.1] com.netflix.discovery.DiscoveryClient    : Unregistering ...
2020-10-29 15:24:18.996  INFO [users-ws,,,] 21102 --- [RMI TCP Connection(9)-127.0.0.1] com.netflix.discovery.DiscoveryClient    : DiscoveryClient_USERS-WS/users-ws:fe22f3df66b6650eefb25787cd75351d - deregister  status: 200
2020-10-29 15:24:19.019  INFO [users-ws,,,] 21102 --- [RMI TCP Connection(9)-127.0.0.1] com.netflix.discovery.DiscoveryClient    : Completed shut down of DiscoveryClient
2020-10-29 15:24:19.019  INFO [users-ws,,,] 21102 --- [RMI TCP Connection(9)-127.0.0.1] com.zaxxer.hikari.HikariDataSource       : HikariPool-1 - Shutdown initiated...
2020-10-29 15:24:19.029  INFO [users-ws,,,] 21102 --- [RMI TCP Connection(9)-127.0.0.1] com.zaxxer.hikari.HikariDataSource       : HikariPool-1 - Shutdown completed.
